mode: set
connect-go-example/api/check/v1/check.pb.go:31.33,36.2 4 0
connect-go-example/api/check/v1/check.pb.go:38.41,40.2 1 0
connect-go-example/api/check/v1/check.pb.go:42.39,42.40 0 0
connect-go-example/api/check/v1/check.pb.go:44.61,46.14 2 0
connect-go-example/api/check/v1/check.pb.go:46.14,48.34 2 0
connect-go-example/api/check/v1/check.pb.go:48.34,50.4 1 0
connect-go-example/api/check/v1/check.pb.go:51.3,51.12 1 0
connect-go-example/api/check/v1/check.pb.go:53.2,53.24 1 0
connect-go-example/api/check/v1/check.pb.go:57.52,59.2 1 0
connect-go-example/api/check/v1/check.pb.go:69.35,74.2 4 0
connect-go-example/api/check/v1/check.pb.go:76.43,78.2 1 0
connect-go-example/api/check/v1/check.pb.go:80.41,80.42 0 0
connect-go-example/api/check/v1/check.pb.go:82.63,84.14 2 0
connect-go-example/api/check/v1/check.pb.go:84.14,86.34 2 0
connect-go-example/api/check/v1/check.pb.go:86.34,88.4 1 0
connect-go-example/api/check/v1/check.pb.go:89.3,89.12 1 0
connect-go-example/api/check/v1/check.pb.go:91.2,91.24 1 0
connect-go-example/api/check/v1/check.pb.go:95.54,97.2 1 0
connect-go-example/api/check/v1/check.pb.go:99.46,100.14 1 0
connect-go-example/api/check/v1/check.pb.go:100.14,102.3 1 0
connect-go-example/api/check/v1/check.pb.go:103.2,103.11 1 0
connect-go-example/api/check/v1/check.pb.go:106.58,107.14 1 0
connect-go-example/api/check/v1/check.pb.go:107.14,109.3 1 0
connect-go-example/api/check/v1/check.pb.go:110.2,110.12 1 0
connect-go-example/api/check/v1/check.pb.go:135.57,136.54 1 0
connect-go-example/api/check/v1/check.pb.go:136.54,138.3 1 0
connect-go-example/api/check/v1/check.pb.go:139.2,139.50 1 0
connect-go-example/api/check/v1/check.pb.go:162.13,162.53 1 0
connect-go-example/api/check/v1/check.pb.go:163.43,164.42 1 0
connect-go-example/api/check/v1/check.pb.go:164.42,166.3 1 0
connect-go-example/api/check/v1/check.pb.go:167.2,183.45 5 0
connect-go-example/api/check/v1/checkv1connect/check.connect.go:53.124,64.2 3 0
connect-go-example/api/check/v1/checkv1connect/check.connect.go:72.144,74.2 1 0
connect-go-example/api/check/v1/checkv1connect/check.connect.go:86.108,94.98 3 0
connect-go-example/api/check/v1/checkv1connect/check.connect.go:94.98,95.21 1 0
connect-go-example/api/check/v1/checkv1connect/check.connect.go:96.35,97.44 1 0
connect-go-example/api/check/v1/checkv1connect/check.connect.go:98.11,99.23 1 0
connect-go-example/api/check/v1/checkv1connect/check.connect.go:107.147,109.2 1 0
connect-go-example/api/greet/v1/greet.pb.go:35.35,40.2 4 0
connect-go-example/api/greet/v1/greet.pb.go:42.43,44.2 1 0
connect-go-example/api/greet/v1/greet.pb.go:46.41,46.42 0 0
connect-go-example/api/greet/v1/greet.pb.go:48.63,50.14 2 0
connect-go-example/api/greet/v1/greet.pb.go:50.14,52.34 2 0
connect-go-example/api/greet/v1/greet.pb.go:52.34,54.4 1 0
connect-go-example/api/greet/v1/greet.pb.go:55.3,55.12 1 0
connect-go-example/api/greet/v1/greet.pb.go:57.2,57.24 1 0
connect-go-example/api/greet/v1/greet.pb.go:61.54,63.2 1 0
connect-go-example/api/greet/v1/greet.pb.go:65.48,66.14 1 0
connect-go-example/api/greet/v1/greet.pb.go:66.14,68.3 1 0
connect-go-example/api/greet/v1/greet.pb.go:69.2,69.11 1 0
connect-go-example/api/greet/v1/greet.pb.go:72.52,73.14 1 0
connect-go-example/api/greet/v1/greet.pb.go:73.14,75.3 1 0
connect-go-example/api/greet/v1/greet.pb.go:76.2,76.11 1 0
connect-go-example/api/greet/v1/greet.pb.go:79.45,80.14 1 0
connect-go-example/api/greet/v1/greet.pb.go:80.14,82.3 1 0
connect-go-example/api/greet/v1/greet.pb.go:83.2,83.11 1 0
connect-go-example/api/greet/v1/greet.pb.go:86.44,87.14 1 0
connect-go-example/api/greet/v1/greet.pb.go:87.14,89.3 1 0
connect-go-example/api/greet/v1/greet.pb.go:90.2,90.11 1 0
connect-go-example/api/greet/v1/greet.pb.go:100.36,105.2 4 0
connect-go-example/api/greet/v1/greet.pb.go:107.44,109.2 1 0
connect-go-example/api/greet/v1/greet.pb.go:111.42,111.43 0 0
connect-go-example/api/greet/v1/greet.pb.go:113.64,115.14 2 0
connect-go-example/api/greet/v1/greet.pb.go:115.14,117.34 2 0
connect-go-example/api/greet/v1/greet.pb.go:117.34,119.4 1 0
connect-go-example/api/greet/v1/greet.pb.go:120.3,120.12 1 0
connect-go-example/api/greet/v1/greet.pb.go:122.2,122.24 1 0
connect-go-example/api/greet/v1/greet.pb.go:126.55,128.2 1 0
connect-go-example/api/greet/v1/greet.pb.go:130.47,131.14 1 0
connect-go-example/api/greet/v1/greet.pb.go:131.14,133.3 1 0
connect-go-example/api/greet/v1/greet.pb.go:134.2,134.11 1 0
connect-go-example/api/greet/v1/greet.pb.go:144.40,149.2 4 0
connect-go-example/api/greet/v1/greet.pb.go:151.48,153.2 1 0
connect-go-example/api/greet/v1/greet.pb.go:155.46,155.47 0 0
connect-go-example/api/greet/v1/greet.pb.go:157.68,159.14 2 0
connect-go-example/api/greet/v1/greet.pb.go:159.14,161.34 2 0
connect-go-example/api/greet/v1/greet.pb.go:161.34,163.4 1 0
connect-go-example/api/greet/v1/greet.pb.go:164.3,164.12 1 0
connect-go-example/api/greet/v1/greet.pb.go:166.2,166.24 1 0
connect-go-example/api/greet/v1/greet.pb.go:170.59,172.2 1 0
connect-go-example/api/greet/v1/greet.pb.go:174.53,175.14 1 0
connect-go-example/api/greet/v1/greet.pb.go:175.14,177.3 1 0
connect-go-example/api/greet/v1/greet.pb.go:178.2,178.11 1 0
connect-go-example/api/greet/v1/greet.pb.go:189.41,194.2 4 0
connect-go-example/api/greet/v1/greet.pb.go:196.49,198.2 1 0
connect-go-example/api/greet/v1/greet.pb.go:200.47,200.48 0 0
connect-go-example/api/greet/v1/greet.pb.go:202.69,204.14 2 0
connect-go-example/api/greet/v1/greet.pb.go:204.14,206.34 2 0
connect-go-example/api/greet/v1/greet.pb.go:206.34,208.4 1 0
connect-go-example/api/greet/v1/greet.pb.go:209.3,209.12 1 0
connect-go-example/api/greet/v1/greet.pb.go:211.2,211.24 1 0
connect-go-example/api/greet/v1/greet.pb.go:215.60,217.2 1 0
connect-go-example/api/greet/v1/greet.pb.go:219.55,220.14 1 0
connect-go-example/api/greet/v1/greet.pb.go:220.14,222.3 1 0
connect-go-example/api/greet/v1/greet.pb.go:223.2,223.11 1 0
connect-go-example/api/greet/v1/greet.pb.go:226.50,227.14 1 0
connect-go-example/api/greet/v1/greet.pb.go:227.14,229.3 1 0
connect-go-example/api/greet/v1/greet.pb.go:230.2,230.11 1 0
connect-go-example/api/greet/v1/greet.pb.go:243.37,248.2 4 0
connect-go-example/api/greet/v1/greet.pb.go:250.45,252.2 1 0
connect-go-example/api/greet/v1/greet.pb.go:254.43,254.44 0 0
connect-go-example/api/greet/v1/greet.pb.go:256.65,258.14 2 0
connect-go-example/api/greet/v1/greet.pb.go:258.14,260.34 2 0
connect-go-example/api/greet/v1/greet.pb.go:260.34,262.4 1 0
connect-go-example/api/greet/v1/greet.pb.go:263.3,263.12 1 0
connect-go-example/api/greet/v1/greet.pb.go:265.2,265.24 1 0
connect-go-example/api/greet/v1/greet.pb.go:269.56,271.2 1 0
connect-go-example/api/greet/v1/greet.pb.go:273.50,274.14 1 0
connect-go-example/api/greet/v1/greet.pb.go:274.14,276.3 1 0
connect-go-example/api/greet/v1/greet.pb.go:277.2,277.11 1 0
connect-go-example/api/greet/v1/greet.pb.go:280.58,281.14 1 0
connect-go-example/api/greet/v1/greet.pb.go:281.14,283.3 1 0
connect-go-example/api/greet/v1/greet.pb.go:284.2,284.11 1 0
connect-go-example/api/greet/v1/greet.pb.go:287.55,288.14 1 0
connect-go-example/api/greet/v1/greet.pb.go:288.14,290.3 1 0
connect-go-example/api/greet/v1/greet.pb.go:291.2,291.11 1 0
connect-go-example/api/greet/v1/greet.pb.go:294.59,295.14 1 0
connect-go-example/api/greet/v1/greet.pb.go:295.14,297.3 1 0
connect-go-example/api/greet/v1/greet.pb.go:298.2,298.11 1 0
connect-go-example/api/greet/v1/greet.pb.go:310.38,315.2 4 0
connect-go-example/api/greet/v1/greet.pb.go:317.46,319.2 1 0
connect-go-example/api/greet/v1/greet.pb.go:321.44,321.45 0 0
connect-go-example/api/greet/v1/greet.pb.go:323.66,325.14 2 0
connect-go-example/api/greet/v1/greet.pb.go:325.14,327.34 2 0
connect-go-example/api/greet/v1/greet.pb.go:327.34,329.4 1 0
connect-go-example/api/greet/v1/greet.pb.go:330.3,330.12 1 0
connect-go-example/api/greet/v1/greet.pb.go:332.2,332.24 1 0
connect-go-example/api/greet/v1/greet.pb.go:336.57,338.2 1 0
connect-go-example/api/greet/v1/greet.pb.go:340.47,341.14 1 0
connect-go-example/api/greet/v1/greet.pb.go:341.14,343.3 1 0
connect-go-example/api/greet/v1/greet.pb.go:344.2,344.11 1 0
connect-go-example/api/greet/v1/greet.pb.go:347.48,348.14 1 0
connect-go-example/api/greet/v1/greet.pb.go:348.14,350.3 1 0
connect-go-example/api/greet/v1/greet.pb.go:351.2,351.11 1 0
connect-go-example/api/greet/v1/greet.pb.go:354.52,355.14 1 0
connect-go-example/api/greet/v1/greet.pb.go:355.14,357.3 1 0
connect-go-example/api/greet/v1/greet.pb.go:358.2,358.11 1 0
connect-go-example/api/greet/v1/greet.pb.go:401.57,402.54 1 0
connect-go-example/api/greet/v1/greet.pb.go:402.54,404.3 1 0
connect-go-example/api/greet/v1/greet.pb.go:405.2,405.50 1 0
connect-go-example/api/greet/v1/greet.pb.go:434.13,434.53 1 0
connect-go-example/api/greet/v1/greet.pb.go:435.43,436.42 1 0
connect-go-example/api/greet/v1/greet.pb.go:436.42,438.3 1 0
connect-go-example/api/greet/v1/greet.pb.go:439.2,455.45 5 0
connect-go-example/api/greet/v1/greetv1connect/greet.connect.go:60.124,83.2 3 0
connect-go-example/api/greet/v1/greetv1connect/greet.connect.go:93.150,95.2 1 0
connect-go-example/api/greet/v1/greetv1connect/greet.connect.go:98.168,100.2 1 0
connect-go-example/api/greet/v1/greetv1connect/greet.connect.go:103.156,105.2 1 0
connect-go-example/api/greet/v1/greetv1connect/greet.connect.go:119.108,139.98 5 0
connect-go-example/api/greet/v1/greetv1connect/greet.connect.go:139.98,140.21 1 0
connect-go-example/api/greet/v1/greetv1connect/greet.connect.go:141.38,142.47 1 0
connect-go-example/api/greet/v1/greetv1connect/greet.connect.go:143.46,144.55 1 0
connect-go-example/api/greet/v1/greetv1connect/greet.connect.go:145.40,146.49 1 0
connect-go-example/api/greet/v1/greetv1connect/greet.connect.go:147.11,148.23 1 0
connect-go-example/api/greet/v1/greetv1connect/greet.connect.go:156.153,158.2 1 0
connect-go-example/api/greet/v1/greetv1connect/greet.connect.go:160.171,162.2 1 0
connect-go-example/api/greet/v1/greetv1connect/greet.connect.go:164.159,166.2 1 0
connect-go-example/cmd/server/main.go:29.13,35.58 3 0
connect-go-example/cmd/server/main.go:35.58,38.3 2 0
connect-go-example/cmd/server/main.go:41.2,44.57 2 0
connect-go-example/cmd/server/main.go:44.57,47.3 2 0
connect-go-example/cmd/server/main.go:51.23,71.39 1 0
connect-go-example/cmd/server/main.go:71.39,73.5 1 0
connect-go-example/cmd/server/main.go:76.38,76.39 0 0
connect-go-example/cmd/server/main.go:79.88,82.19 2 0
connect-go-example/cmd/server/main.go:82.19,84.6 1 0
connect-go-example/cmd/server/main.go:87.5,88.47 1 0
connect-go-example/cmd/server/main.go:88.47,90.17 2 0
connect-go-example/cmd/server/main.go:90.17,91.92 1 0
connect-go-example/cmd/server/main.go:91.92,93.9 1 0
connect-go-example/cmd/server/main.go:95.7,95.17 1 0
connect-go-example/cmd/server/main.go:97.46,100.47 2 0
connect-go-example/cmd/server/main.go:100.47,102.8 1 0
connect-go-example/cmd/server/main.go:104.7,104.30 1 0
connect-go-example/cmd/server/main.go:104.30,105.48 1 0
connect-go-example/cmd/server/main.go:105.48,107.9 1 0
connect-go-example/cmd/server/main.go:109.7,109.17 1 0
connect-go-example/internal/conf/v1/conf.pb.go:36.29,41.2 4 0
connect-go-example/internal/conf/v1/conf.pb.go:43.37,45.2 1 0
connect-go-example/internal/conf/v1/conf.pb.go:47.35,47.36 0 0
connect-go-example/internal/conf/v1/conf.pb.go:49.57,51.14 2 0
connect-go-example/internal/conf/v1/conf.pb.go:51.14,53.34 2 0
connect-go-example/internal/conf/v1/conf.pb.go:53.34,55.4 1 0
connect-go-example/internal/conf/v1/conf.pb.go:56.3,56.12 1 0
connect-go-example/internal/conf/v1/conf.pb.go:58.2,58.24 1 0
connect-go-example/internal/conf/v1/conf.pb.go:62.48,64.2 1 0
connect-go-example/internal/conf/v1/conf.pb.go:66.41,67.14 1 0
connect-go-example/internal/conf/v1/conf.pb.go:67.14,69.3 1 0
connect-go-example/internal/conf/v1/conf.pb.go:70.2,70.12 1 0
connect-go-example/internal/conf/v1/conf.pb.go:73.37,74.14 1 0
connect-go-example/internal/conf/v1/conf.pb.go:74.14,76.3 1 0
connect-go-example/internal/conf/v1/conf.pb.go:77.2,77.12 1 0
connect-go-example/internal/conf/v1/conf.pb.go:80.37,81.14 1 0
connect-go-example/internal/conf/v1/conf.pb.go:81.14,83.3 1 0
connect-go-example/internal/conf/v1/conf.pb.go:84.2,84.12 1 0
connect-go-example/internal/conf/v1/conf.pb.go:87.39,88.14 1 0
connect-go-example/internal/conf/v1/conf.pb.go:88.14,90.3 1 0
connect-go-example/internal/conf/v1/conf.pb.go:91.2,91.12 1 0
connect-go-example/internal/conf/v1/conf.pb.go:94.47,95.14 1 0
connect-go-example/internal/conf/v1/conf.pb.go:95.14,97.3 1 0
connect-go-example/internal/conf/v1/conf.pb.go:98.2,98.12 1 0
connect-go-example/internal/conf/v1/conf.pb.go:108.26,113.2 4 0
connect-go-example/internal/conf/v1/conf.pb.go:115.34,117.2 1 0
connect-go-example/internal/conf/v1/conf.pb.go:119.32,119.33 0 0
connect-go-example/internal/conf/v1/conf.pb.go:121.54,123.14 2 0
connect-go-example/internal/conf/v1/conf.pb.go:123.14,125.34 2 0
connect-go-example/internal/conf/v1/conf.pb.go:125.34,127.4 1 0
connect-go-example/internal/conf/v1/conf.pb.go:128.3,128.12 1 0
connect-go-example/internal/conf/v1/conf.pb.go:130.2,130.24 1 0
connect-go-example/internal/conf/v1/conf.pb.go:134.45,136.2 1 0
connect-go-example/internal/conf/v1/conf.pb.go:138.41,139.14 1 0
connect-go-example/internal/conf/v1/conf.pb.go:139.14,141.3 1 0
connect-go-example/internal/conf/v1/conf.pb.go:142.2,142.12 1 0
connect-go-example/internal/conf/v1/conf.pb.go:153.24,158.2 4 0
connect-go-example/internal/conf/v1/conf.pb.go:160.32,162.2 1 0
connect-go-example/internal/conf/v1/conf.pb.go:164.30,164.31 0 0
connect-go-example/internal/conf/v1/conf.pb.go:166.52,168.14 2 0
connect-go-example/internal/conf/v1/conf.pb.go:168.14,170.34 2 0
connect-go-example/internal/conf/v1/conf.pb.go:170.34,172.4 1 0
connect-go-example/internal/conf/v1/conf.pb.go:173.3,173.12 1 0
connect-go-example/internal/conf/v1/conf.pb.go:175.2,175.24 1 0
connect-go-example/internal/conf/v1/conf.pb.go:179.43,181.2 1 0
connect-go-example/internal/conf/v1/conf.pb.go:183.45,184.14 1 0
connect-go-example/internal/conf/v1/conf.pb.go:184.14,186.3 1 0
connect-go-example/internal/conf/v1/conf.pb.go:187.2,187.12 1 0
connect-go-example/internal/conf/v1/conf.pb.go:190.39,191.14 1 0
connect-go-example/internal/conf/v1/conf.pb.go:191.14,193.3 1 0
connect-go-example/internal/conf/v1/conf.pb.go:194.2,194.12 1 0
connect-go-example/internal/conf/v1/conf.pb.go:206.24,211.2 4 0
connect-go-example/internal/conf/v1/conf.pb.go:213.32,215.2 1 0
connect-go-example/internal/conf/v1/conf.pb.go:217.30,217.31 0 0
connect-go-example/internal/conf/v1/conf.pb.go:219.52,221.14 2 0
connect-go-example/internal/conf/v1/conf.pb.go:221.14,223.34 2 0
connect-go-example/internal/conf/v1/conf.pb.go:223.34,225.4 1 0
connect-go-example/internal/conf/v1/conf.pb.go:226.3,226.12 1 0
connect-go-example/internal/conf/v1/conf.pb.go:228.2,228.24 1 0
connect-go-example/internal/conf/v1/conf.pb.go:232.43,234.2 1 0
connect-go-example/internal/conf/v1/conf.pb.go:236.38,237.14 1 0
connect-go-example/internal/conf/v1/conf.pb.go:237.14,239.3 1 0
connect-go-example/internal/conf/v1/conf.pb.go:240.2,240.11 1 0
connect-go-example/internal/conf/v1/conf.pb.go:243.42,244.14 1 0
connect-go-example/internal/conf/v1/conf.pb.go:244.14,246.3 1 0
connect-go-example/internal/conf/v1/conf.pb.go:247.2,247.10 1 0
connect-go-example/internal/conf/v1/conf.pb.go:250.51,251.14 1 0
connect-go-example/internal/conf/v1/conf.pb.go:251.14,253.3 1 0
connect-go-example/internal/conf/v1/conf.pb.go:254.2,254.10 1 0
connect-go-example/internal/conf/v1/conf.pb.go:265.25,270.2 4 0
connect-go-example/internal/conf/v1/conf.pb.go:272.33,274.2 1 0
connect-go-example/internal/conf/v1/conf.pb.go:276.31,276.32 0 0
connect-go-example/internal/conf/v1/conf.pb.go:278.53,280.14 2 0
connect-go-example/internal/conf/v1/conf.pb.go:280.14,282.34 2 0
connect-go-example/internal/conf/v1/conf.pb.go:282.34,284.4 1 0
connect-go-example/internal/conf/v1/conf.pb.go:285.3,285.12 1 0
connect-go-example/internal/conf/v1/conf.pb.go:287.2,287.24 1 0
connect-go-example/internal/conf/v1/conf.pb.go:291.44,293.2 1 0
connect-go-example/internal/conf/v1/conf.pb.go:295.38,296.14 1 0
connect-go-example/internal/conf/v1/conf.pb.go:296.14,298.3 1 0
connect-go-example/internal/conf/v1/conf.pb.go:299.2,299.11 1 0
connect-go-example/internal/conf/v1/conf.pb.go:302.36,303.14 1 0
connect-go-example/internal/conf/v1/conf.pb.go:303.14,305.3 1 0
connect-go-example/internal/conf/v1/conf.pb.go:306.2,306.14 1 0
connect-go-example/internal/conf/v1/conf.pb.go:316.29,321.2 4 0
connect-go-example/internal/conf/v1/conf.pb.go:323.37,325.2 1 0
connect-go-example/internal/conf/v1/conf.pb.go:327.35,327.36 0 0
connect-go-example/internal/conf/v1/conf.pb.go:329.57,331.14 2 0
connect-go-example/internal/conf/v1/conf.pb.go:331.14,333.34 2 0
connect-go-example/internal/conf/v1/conf.pb.go:333.34,335.4 1 0
connect-go-example/internal/conf/v1/conf.pb.go:336.3,336.12 1 0
connect-go-example/internal/conf/v1/conf.pb.go:338.2,338.24 1 0
connect-go-example/internal/conf/v1/conf.pb.go:342.48,344.2 1 0
connect-go-example/internal/conf/v1/conf.pb.go:346.51,347.14 1 0
connect-go-example/internal/conf/v1/conf.pb.go:347.14,349.3 1 0
connect-go-example/internal/conf/v1/conf.pb.go:350.2,350.12 1 0
connect-go-example/internal/conf/v1/conf.pb.go:361.31,366.2 4 0
connect-go-example/internal/conf/v1/conf.pb.go:368.39,370.2 1 0
connect-go-example/internal/conf/v1/conf.pb.go:372.37,372.38 0 0
connect-go-example/internal/conf/v1/conf.pb.go:374.59,376.14 2 0
connect-go-example/internal/conf/v1/conf.pb.go:376.14,378.34 2 0
connect-go-example/internal/conf/v1/conf.pb.go:378.34,380.4 1 0
connect-go-example/internal/conf/v1/conf.pb.go:381.3,381.12 1 0
connect-go-example/internal/conf/v1/conf.pb.go:383.2,383.24 1 0
connect-go-example/internal/conf/v1/conf.pb.go:387.50,389.2 1 0
connect-go-example/internal/conf/v1/conf.pb.go:391.40,392.14 1 0
connect-go-example/internal/conf/v1/conf.pb.go:392.14,394.3 1 0
connect-go-example/internal/conf/v1/conf.pb.go:395.2,395.11 1 0
connect-go-example/internal/conf/v1/conf.pb.go:398.42,399.14 1 0
connect-go-example/internal/conf/v1/conf.pb.go:399.14,401.3 1 0
connect-go-example/internal/conf/v1/conf.pb.go:402.2,402.10 1 0
connect-go-example/internal/conf/v1/conf.pb.go:419.33,424.2 4 0
connect-go-example/internal/conf/v1/conf.pb.go:426.41,428.2 1 0
connect-go-example/internal/conf/v1/conf.pb.go:430.39,430.40 0 0
connect-go-example/internal/conf/v1/conf.pb.go:432.61,434.14 2 0
connect-go-example/internal/conf/v1/conf.pb.go:434.14,436.34 2 0
connect-go-example/internal/conf/v1/conf.pb.go:436.34,438.4 1 0
connect-go-example/internal/conf/v1/conf.pb.go:439.3,439.12 1 0
connect-go-example/internal/conf/v1/conf.pb.go:441.2,441.24 1 0
connect-go-example/internal/conf/v1/conf.pb.go:445.52,447.2 1 0
connect-go-example/internal/conf/v1/conf.pb.go:449.42,450.14 1 0
connect-go-example/internal/conf/v1/conf.pb.go:450.14,452.3 1 0
connect-go-example/internal/conf/v1/conf.pb.go:453.2,453.11 1 0
connect-go-example/internal/conf/v1/conf.pb.go:456.41,457.14 1 0
connect-go-example/internal/conf/v1/conf.pb.go:457.14,459.3 1 0
connect-go-example/internal/conf/v1/conf.pb.go:460.2,460.10 1 0
connect-go-example/internal/conf/v1/conf.pb.go:463.42,464.14 1 0
connect-go-example/internal/conf/v1/conf.pb.go:464.14,466.3 1 0
connect-go-example/internal/conf/v1/conf.pb.go:467.2,467.11 1 0
connect-go-example/internal/conf/v1/conf.pb.go:470.46,471.14 1 0
connect-go-example/internal/conf/v1/conf.pb.go:471.14,473.3 1 0
connect-go-example/internal/conf/v1/conf.pb.go:474.2,474.11 1 0
connect-go-example/internal/conf/v1/conf.pb.go:477.44,478.14 1 0
connect-go-example/internal/conf/v1/conf.pb.go:478.14,480.3 1 0
connect-go-example/internal/conf/v1/conf.pb.go:481.2,481.11 1 0
connect-go-example/internal/conf/v1/conf.pb.go:484.45,485.14 1 0
connect-go-example/internal/conf/v1/conf.pb.go:485.14,487.3 1 0
connect-go-example/internal/conf/v1/conf.pb.go:488.2,488.11 1 0
connect-go-example/internal/conf/v1/conf.pb.go:491.46,492.14 1 0
connect-go-example/internal/conf/v1/conf.pb.go:492.14,494.3 1 0
connect-go-example/internal/conf/v1/conf.pb.go:495.2,495.11 1 0
connect-go-example/internal/conf/v1/conf.pb.go:498.54,499.14 1 0
connect-go-example/internal/conf/v1/conf.pb.go:499.14,501.3 1 0
connect-go-example/internal/conf/v1/conf.pb.go:502.2,502.12 1 0
connect-go-example/internal/conf/v1/conf.pb.go:515.37,520.2 4 0
connect-go-example/internal/conf/v1/conf.pb.go:522.45,524.2 1 0
connect-go-example/internal/conf/v1/conf.pb.go:526.43,526.44 0 0
connect-go-example/internal/conf/v1/conf.pb.go:528.65,530.14 2 0
connect-go-example/internal/conf/v1/conf.pb.go:530.14,532.34 2 0
connect-go-example/internal/conf/v1/conf.pb.go:532.34,534.4 1 0
connect-go-example/internal/conf/v1/conf.pb.go:535.3,535.12 1 0
connect-go-example/internal/conf/v1/conf.pb.go:537.2,537.24 1 0
connect-go-example/internal/conf/v1/conf.pb.go:541.56,543.2 1 0
connect-go-example/internal/conf/v1/conf.pb.go:545.49,546.14 1 0
connect-go-example/internal/conf/v1/conf.pb.go:546.14,548.3 1 0
connect-go-example/internal/conf/v1/conf.pb.go:549.2,549.10 1 0
connect-go-example/internal/conf/v1/conf.pb.go:552.49,553.14 1 0
connect-go-example/internal/conf/v1/conf.pb.go:553.14,555.3 1 0
connect-go-example/internal/conf/v1/conf.pb.go:556.2,556.10 1 0
connect-go-example/internal/conf/v1/conf.pb.go:559.56,560.14 1 0
connect-go-example/internal/conf/v1/conf.pb.go:560.14,562.3 1 0
connect-go-example/internal/conf/v1/conf.pb.go:563.2,563.10 1 0
connect-go-example/internal/conf/v1/conf.pb.go:566.56,567.14 1 0
connect-go-example/internal/conf/v1/conf.pb.go:567.14,569.3 1 0
connect-go-example/internal/conf/v1/conf.pb.go:570.2,570.10 1 0
connect-go-example/internal/conf/v1/conf.pb.go:589.30,594.2 4 0
connect-go-example/internal/conf/v1/conf.pb.go:596.38,598.2 1 0
connect-go-example/internal/conf/v1/conf.pb.go:600.36,600.37 0 0
connect-go-example/internal/conf/v1/conf.pb.go:602.58,604.14 2 0
connect-go-example/internal/conf/v1/conf.pb.go:604.14,606.34 2 0
connect-go-example/internal/conf/v1/conf.pb.go:606.34,608.4 1 0
connect-go-example/internal/conf/v1/conf.pb.go:609.3,609.12 1 0
connect-go-example/internal/conf/v1/conf.pb.go:611.2,611.24 1 0
connect-go-example/internal/conf/v1/conf.pb.go:615.49,617.2 1 0
connect-go-example/internal/conf/v1/conf.pb.go:619.39,620.14 1 0
connect-go-example/internal/conf/v1/conf.pb.go:620.14,622.3 1 0
connect-go-example/internal/conf/v1/conf.pb.go:623.2,623.11 1 0
connect-go-example/internal/conf/v1/conf.pb.go:626.38,627.14 1 0
connect-go-example/internal/conf/v1/conf.pb.go:627.14,629.3 1 0
connect-go-example/internal/conf/v1/conf.pb.go:630.2,630.10 1 0
connect-go-example/internal/conf/v1/conf.pb.go:633.43,634.14 1 0
connect-go-example/internal/conf/v1/conf.pb.go:634.14,636.3 1 0
connect-go-example/internal/conf/v1/conf.pb.go:637.2,637.11 1 0
connect-go-example/internal/conf/v1/conf.pb.go:640.43,641.14 1 0
connect-go-example/internal/conf/v1/conf.pb.go:641.14,643.3 1 0
connect-go-example/internal/conf/v1/conf.pb.go:644.2,644.11 1 0
connect-go-example/internal/conf/v1/conf.pb.go:647.36,648.14 1 0
connect-go-example/internal/conf/v1/conf.pb.go:648.14,650.3 1 0
connect-go-example/internal/conf/v1/conf.pb.go:651.2,651.10 1 0
connect-go-example/internal/conf/v1/conf.pb.go:654.45,655.14 1 0
connect-go-example/internal/conf/v1/conf.pb.go:655.14,657.3 1 0
connect-go-example/internal/conf/v1/conf.pb.go:658.2,658.10 1 0
connect-go-example/internal/conf/v1/conf.pb.go:661.45,662.14 1 0
connect-go-example/internal/conf/v1/conf.pb.go:662.14,664.3 1 0
connect-go-example/internal/conf/v1/conf.pb.go:665.2,665.10 1 0
connect-go-example/internal/conf/v1/conf.pb.go:668.46,669.14 1 0
connect-go-example/internal/conf/v1/conf.pb.go:669.14,671.3 1 0
connect-go-example/internal/conf/v1/conf.pb.go:672.2,672.10 1 0
connect-go-example/internal/conf/v1/conf.pb.go:675.42,676.14 1 0
connect-go-example/internal/conf/v1/conf.pb.go:676.14,678.3 1 0
connect-go-example/internal/conf/v1/conf.pb.go:679.2,679.10 1 0
connect-go-example/internal/conf/v1/conf.pb.go:682.46,683.14 1 0
connect-go-example/internal/conf/v1/conf.pb.go:683.14,685.3 1 0
connect-go-example/internal/conf/v1/conf.pb.go:686.2,686.10 1 0
connect-go-example/internal/conf/v1/conf.pb.go:698.36,703.2 4 0
connect-go-example/internal/conf/v1/conf.pb.go:705.44,707.2 1 0
connect-go-example/internal/conf/v1/conf.pb.go:709.42,709.43 0 0
connect-go-example/internal/conf/v1/conf.pb.go:711.64,713.14 2 0
connect-go-example/internal/conf/v1/conf.pb.go:713.14,715.34 2 0
connect-go-example/internal/conf/v1/conf.pb.go:715.34,717.4 1 0
connect-go-example/internal/conf/v1/conf.pb.go:718.3,718.12 1 0
connect-go-example/internal/conf/v1/conf.pb.go:720.2,720.24 1 0
connect-go-example/internal/conf/v1/conf.pb.go:724.55,726.2 1 0
connect-go-example/internal/conf/v1/conf.pb.go:728.45,729.14 1 0
connect-go-example/internal/conf/v1/conf.pb.go:729.14,731.3 1 0
connect-go-example/internal/conf/v1/conf.pb.go:732.2,732.11 1 0
connect-go-example/internal/conf/v1/conf.pb.go:735.47,736.14 1 0
connect-go-example/internal/conf/v1/conf.pb.go:736.14,738.3 1 0
connect-go-example/internal/conf/v1/conf.pb.go:739.2,739.11 1 0
connect-go-example/internal/conf/v1/conf.pb.go:742.50,743.14 1 0
connect-go-example/internal/conf/v1/conf.pb.go:743.14,745.3 1 0
connect-go-example/internal/conf/v1/conf.pb.go:746.2,746.14 1 0
connect-go-example/internal/conf/v1/conf.pb.go:815.60,816.57 1 0
connect-go-example/internal/conf/v1/conf.pb.go:816.57,818.3 1 0
connect-go-example/internal/conf/v1/conf.pb.go:819.2,819.53 1 0
connect-go-example/internal/conf/v1/conf.pb.go:857.13,857.56 1 0
connect-go-example/internal/conf/v1/conf.pb.go:858.46,859.45 1 0
connect-go-example/internal/conf/v1/conf.pb.go:859.45,861.3 1 0
connect-go-example/internal/conf/v1/conf.pb.go:862.2,878.48 5 0
connect-go-example/internal/biz/check.go:14.71,18.2 1 1
connect-go-example/internal/biz/check.go:20.108,22.16 2 1
connect-go-example/internal/biz/check.go:22.16,24.3 1 1
connect-go-example/internal/biz/check.go:25.2,28.8 1 1
connect-go-example/internal/biz/user.go:28.109,30.30 2 1
connect-go-example/internal/biz/user.go:30.30,32.3 1 1
connect-go-example/internal/biz/user.go:32.8,35.46 2 1
connect-go-example/internal/biz/user.go:35.46,37.4 1 0
connect-go-example/internal/biz/user.go:38.3,38.104 1 1
connect-go-example/internal/biz/user.go:41.2,45.8 1 1
connect-go-example/internal/biz/user.go:48.114,51.39 2 1
connect-go-example/internal/biz/user.go:51.39,53.3 1 1
connect-go-example/internal/biz/user.go:56.2,62.16 2 1
connect-go-example/internal/biz/user.go:62.16,64.3 1 0
connect-go-example/internal/biz/user.go:66.2,66.39 1 1
connect-go-example/internal/biz/user.go:69.109,72.16 2 1
connect-go-example/internal/biz/user.go:72.16,75.3 1 1
connect-go-example/internal/biz/user.go:78.2,79.48 2 1
connect-go-example/internal/biz/user.go:79.48,81.3 1 0
connect-go-example/internal/biz/user.go:82.2,86.18 3 1
connect-go-example/internal/biz/user.go:86.18,88.3 1 0
connect-go-example/internal/biz/user.go:90.2,90.89 1 1
connect-go-example/internal/biz/user.go:90.89,92.3 1 0
connect-go-example/internal/biz/user.go:94.2,98.8 1 1
connect-go-example/internal/biz/user.go:101.152,104.16 2 1
connect-go-example/internal/biz/user.go:104.16,106.3 1 1
connect-go-example/internal/biz/user.go:109.2,110.43 2 0
connect-go-example/internal/biz/user.go:110.43,112.3 1 0
connect-go-example/internal/biz/user.go:115.2,116.16 2 0
connect-go-example/internal/biz/user.go:116.16,118.3 1 0
connect-go-example/internal/biz/user.go:121.2,121.63 1 0
connect-go-example/internal/biz/user.go:121.63,123.3 1 0
connect-go-example/internal/biz/user.go:126.2,127.16 2 0
connect-go-example/internal/biz/user.go:127.16,129.3 1 0
connect-go-example/internal/biz/user.go:131.2,135.8 1 0
connect-go-example/internal/biz/user.go:138.83,140.22 2 1
connect-go-example/internal/biz/user.go:140.22,142.3 1 0
connect-go-example/internal/biz/user.go:144.2,152.38 3 1
connect-go-example/internal/biz/user.go:155.66,159.2 3 0
connect-go-example/internal/biz/user.go:161.44,162.22 1 1
connect-go-example/internal/biz/user.go:162.22,164.3 1 1
connect-go-example/internal/biz/user.go:166.2,167.30 2 1
connect-go-example/internal/biz/user.go:167.30,169.3 1 1
connect-go-example/internal/biz/user.go:170.2,170.20 1 1
connect-go-example/internal/data/check.go:26.13,32.2 1 1
connect-go-example/internal/data/check.go:34.103,36.16 2 0
connect-go-example/internal/data/check.go:36.16,43.3 1 0
connect-go-example/internal/data/check.go:44.2,44.46 1 0
connect-go-example/internal/data/check.go:44.46,52.3 1 0
connect-go-example/internal/data/check.go:53.2,56.8 1 0
connect-go-example/internal/data/data.go:35.57,40.2 1 1
connect-go-example/internal/data/data.go:43.93,57.16 4 0
connect-go-example/internal/data/data.go:57.16,59.3 1 0
connect-go-example/internal/data/data.go:62.2,66.16 3 0
connect-go-example/internal/data/data.go:66.16,68.3 1 0
connect-go-example/internal/data/data.go:71.2,71.50 1 0
connect-go-example/internal/data/data.go:71.50,73.3 1 0
connect-go-example/internal/data/data.go:76.2,76.56 1 0
connect-go-example/internal/data/data.go:76.56,78.3 1 0
connect-go-example/internal/data/data.go:79.2,82.43 2 0
connect-go-example/internal/data/data.go:82.43,86.4 3 0
connect-go-example/internal/data/data.go:89.2,89.18 1 0
connect-go-example/internal/data/data.go:93.96,112.44 5 0
connect-go-example/internal/data/data.go:112.44,115.17 2 0
connect-go-example/internal/data/data.go:115.17,117.4 1 0
connect-go-example/internal/data/data.go:118.3,118.55 1 0
connect-go-example/internal/data/data.go:121.2,125.43 2 0
connect-go-example/internal/data/data.go:125.43,128.4 2 0
connect-go-example/internal/data/data.go:131.2,131.17 1 0
connect-go-example/internal/data/data.go:135.55,136.39 1 0
connect-go-example/internal/data/data.go:136.39,138.3 1 0
connect-go-example/internal/data/data.go:140.2,140.46 1 0
connect-go-example/internal/data/data.go:140.46,142.3 1 0
connect-go-example/internal/data/data.go:144.2,144.12 1 0
connect-go-example/internal/data/user.go:29.59,35.2 1 0
connect-go-example/internal/data/user.go:37.93,39.16 2 0
connect-go-example/internal/data/user.go:39.16,41.3 1 0
connect-go-example/internal/data/user.go:43.2,50.8 1 0
connect-go-example/internal/data/user.go:53.84,62.16 3 0
connect-go-example/internal/data/user.go:62.16,64.3 1 0
connect-go-example/internal/data/user.go:66.2,66.28 1 0
connect-go-example/internal/data/user.go:69.117,72.2 2 0
connect-go-example/internal/data/user.go:74.91,77.16 3 0
connect-go-example/internal/data/user.go:77.16,79.3 1 0
connect-go-example/internal/data/user.go:80.2,80.23 1 0
connect-go-example/internal/data/models/db.go:20.28,22.2 1 1
connect-go-example/internal/data/models/db.go:28.46,32.2 1 0
connect-go-example/internal/data/models/query.sql.go:29.87,41.2 4 0
connect-go-example/internal/data/models/query.sql.go:61.97,71.2 4 1
connect-go-example/internal/data/models/query.sql.go:84.69,96.2 4 1
connect-go-example/internal/pkg/config/config.go:20.38,25.20 3 0
connect-go-example/internal/pkg/config/config.go:25.20,28.6 2 0
connect-go-example/internal/pkg/config/config.go:30.5,30.20 1 0
connect-go-example/internal/pkg/config/config.go:37.48,45.41 5 1
connect-go-example/internal/pkg/config/config.go:45.41,49.3 2 1
connect-go-example/internal/pkg/config/config.go:52.2,59.16 3 0
connect-go-example/internal/pkg/config/config.go:59.16,62.3 2 0
connect-go-example/internal/pkg/config/config.go:64.2,64.42 1 0
connect-go-example/internal/pkg/config/config.go:64.42,67.3 2 0
connect-go-example/internal/pkg/config/config.go:78.2,78.18 1 0
connect-go-example/internal/pkg/config/config.go:82.36,84.2 1 1
connect-go-example/internal/pkg/config/config.go:87.29,89.62 1 1
connect-go-example/internal/pkg/config/config.go:89.62,91.3 1 1
connect-go-example/internal/pkg/config/config.go:96.2,96.28 1 1
connect-go-example/internal/pkg/config/config.go:96.28,98.3 1 0
connect-go-example/internal/pkg/config/config.go:100.2,100.30 1 1
connect-go-example/internal/pkg/config/config.go:104.34,107.50 1 1
connect-go-example/internal/pkg/config/config.go:107.50,109.3 1 0
connect-go-example/internal/pkg/config/config.go:112.2,112.62 1 1
connect-go-example/internal/pkg/config/config.go:112.62,113.81 1 0
connect-go-example/internal/pkg/config/config.go:113.81,115.4 1 0
connect-go-example/internal/pkg/config/config.go:119.2,119.80 1 1
connect-go-example/internal/pkg/config/config.go:119.80,121.3 1 0
connect-go-example/internal/pkg/config/config.go:123.2,123.14 1 1
connect-go-example/internal/pkg/config/config.go:127.38,129.2 1 1
connect-go-example/internal/pkg/config/config.go:132.51,133.17 1 1
connect-go-example/internal/pkg/config/config.go:133.17,135.3 1 1
connect-go-example/internal/pkg/config/config.go:138.2,138.51 1 1
connect-go-example/internal/pkg/config/config.go:138.51,140.3 1 1
connect-go-example/internal/pkg/config/config.go:143.2,143.51 1 1
connect-go-example/internal/pkg/config/config.go:143.51,145.3 1 1
connect-go-example/internal/pkg/config/config.go:147.2,147.12 1 1
connect-go-example/internal/pkg/log/log.go:14.53,16.53 2 0
connect-go-example/internal/pkg/log/log.go:16.53,20.5 1 0
connect-go-example/internal/pkg/log/log.go:21.4,21.29 1 0
connect-go-example/internal/pkg/log/log.go:27.53,28.22 1 1
connect-go-example/internal/pkg/log/log.go:28.22,30.3 1 1
connect-go-example/internal/pkg/log/log.go:31.2,31.28 1 1
connect-go-example/internal/pkg/otel/otel.go:32.85,34.5 1 0
connect-go-example/internal/pkg/otel/otel.go:40.57,41.38 1 0
connect-go-example/internal/pkg/otel/otel.go:41.38,44.3 2 0
connect-go-example/internal/pkg/otel/otel.go:44.8,47.3 2 0
connect-go-example/internal/pkg/otel/otel.go:51.116,55.46 3 0
connect-go-example/internal/pkg/otel/otel.go:55.46,57.36 2 0
connect-go-example/internal/pkg/otel/otel.go:57.36,59.4 1 0
connect-go-example/internal/pkg/otel/otel.go:60.3,61.13 2 0
connect-go-example/internal/pkg/otel/otel.go:64.2,64.33 1 0
connect-go-example/internal/pkg/otel/otel.go:64.33,66.3 1 0
connect-go-example/internal/pkg/otel/otel.go:69.2,72.20 2 0
connect-go-example/internal/pkg/otel/otel.go:72.20,75.42 2 0
connect-go-example/internal/pkg/otel/otel.go:75.42,75.56 1 0
connect-go-example/internal/pkg/otel/otel.go:78.2,82.16 4 0
connect-go-example/internal/pkg/otel/otel.go:82.16,85.3 2 0
connect-go-example/internal/pkg/otel/otel.go:87.2,88.16 2 0
connect-go-example/internal/pkg/otel/otel.go:88.16,91.3 2 0
connect-go-example/internal/pkg/otel/otel.go:92.2,96.16 4 0
connect-go-example/internal/pkg/otel/otel.go:96.16,99.3 2 0
connect-go-example/internal/pkg/otel/otel.go:100.2,104.16 4 0
connect-go-example/internal/pkg/otel/otel.go:104.16,107.3 2 0
connect-go-example/internal/pkg/otel/otel.go:108.2,112.22 4 0
connect-go-example/internal/pkg/otel/otel.go:115.48,121.2 1 0
connect-go-example/internal/pkg/otel/otel.go:123.52,128.2 1 0
connect-go-example/internal/pkg/otel/otel.go:130.79,138.16 3 0
connect-go-example/internal/pkg/otel/otel.go:138.16,140.3 1 0
connect-go-example/internal/pkg/otel/otel.go:142.2,148.28 3 0
connect-go-example/internal/pkg/otel/otel.go:151.78,157.16 2 0
connect-go-example/internal/pkg/otel/otel.go:157.16,159.3 1 0
connect-go-example/internal/pkg/otel/otel.go:161.2,166.27 2 0
connect-go-example/internal/pkg/otel/otel.go:169.77,175.16 2 0
connect-go-example/internal/pkg/otel/otel.go:175.16,177.3 1 0
connect-go-example/internal/pkg/otel/otel.go:179.2,183.28 2 0
connect-go-example/internal/server/middleware.go:26.26,35.16 4 1
connect-go-example/internal/server/middleware.go:35.16,37.3 1 0
connect-go-example/internal/server/middleware.go:39.2,44.16 2 1
connect-go-example/internal/server/middleware.go:44.16,46.3 1 0
connect-go-example/internal/server/middleware.go:48.2,53.16 2 1
connect-go-example/internal/server/middleware.go:53.16,55.3 1 0
connect-go-example/internal/server/middleware.go:57.2,57.12 1 1
connect-go-example/internal/server/middleware.go:61.79,63.38 1 1
connect-go-example/internal/server/middleware.go:63.38,65.3 1 0
connect-go-example/internal/server/middleware.go:67.2,67.46 1 1
connect-go-example/internal/server/middleware.go:67.46,68.72 1 1
connect-go-example/internal/server/middleware.go:68.72,109.28 12 1
connect-go-example/internal/server/middleware.go:109.28,120.5 4 1
connect-go-example/internal/server/middleware.go:120.10,129.5 3 1
connect-go-example/internal/server/middleware.go:135.84,136.56 1 1
connect-go-example/internal/server/middleware.go:136.56,137.89 1 1
connect-go-example/internal/server/middleware.go:137.89,172.18 12 1
connect-go-example/internal/server/middleware.go:172.18,182.5 3 1
connect-go-example/internal/server/middleware.go:182.10,189.5 2 1
connect-go-example/internal/server/middleware.go:191.4,191.20 1 1
connect-go-example/internal/server/middleware.go:203.49,204.17 1 1
connect-go-example/internal/server/middleware.go:204.17,208.3 3 1
connect-go-example/internal/server/middleware.go:211.56,212.17 1 1
connect-go-example/internal/server/middleware.go:212.17,215.3 2 0
connect-go-example/internal/server/middleware.go:216.2,216.35 1 1
connect-go-example/internal/server/middleware.go:222.60,224.4 1 1
connect-go-example/internal/server/server.go:37.16,42.16 2 1
connect-go-example/internal/server/server.go:42.16,44.3 1 0
connect-go-example/internal/server/server.go:47.2,86.44 10 1
connect-go-example/internal/server/server.go:86.44,89.4 2 0
connect-go-example/internal/server/server.go:90.43,93.4 2 0
connect-go-example/internal/server/server.go:96.2,96.15 1 1
connect-go-example/internal/service/check.go:19.80,23.2 1 1
connect-go-example/internal/service/check.go:25.136,27.16 2 1
connect-go-example/internal/service/check.go:27.16,29.3 1 1
connect-go-example/internal/service/check.go:30.2,34.40 2 1
connect-go-example/internal/service/user.go:21.88,25.2 1 1
connect-go-example/internal/service/user.go:27.144,35.16 2 1
connect-go-example/internal/service/user.go:35.16,37.3 1 1
connect-go-example/internal/service/user.go:39.2,43.43 2 1
connect-go-example/internal/service/user.go:46.162,48.16 2 1
connect-go-example/internal/service/user.go:48.16,50.3 1 1
connect-go-example/internal/service/user.go:52.2,57.43 2 1
connect-go-example/internal/service/user.go:60.150,68.16 2 1
connect-go-example/internal/service/user.go:68.16,70.3 1 1
connect-go-example/internal/service/user.go:72.2,78.43 2 1
connect-go-example/internal/pkg/registry/consul.go:40.114,41.45 1 0
connect-go-example/internal/pkg/registry/consul.go:41.45,44.5 2 0
connect-go-example/internal/pkg/registry/consul.go:46.4,46.97 1 0
connect-go-example/internal/pkg/registry/consul.go:46.97,49.5 2 0
connect-go-example/internal/pkg/registry/consul.go:51.4,56.18 4 0
connect-go-example/internal/pkg/registry/consul.go:56.18,58.5 1 0
connect-go-example/internal/pkg/registry/consul.go:59.4,60.18 2 0
connect-go-example/internal/pkg/registry/consul.go:60.18,62.5 1 0
connect-go-example/internal/pkg/registry/consul.go:65.4,66.18 2 0
connect-go-example/internal/pkg/registry/consul.go:66.18,68.5 1 0
connect-go-example/internal/pkg/registry/consul.go:70.4,73.18 3 0
connect-go-example/internal/pkg/registry/consul.go:73.18,76.5 2 0
connect-go-example/internal/pkg/registry/consul.go:79.4,80.46 1 0
connect-go-example/internal/pkg/registry/consul.go:80.46,81.43 1 0
connect-go-example/internal/pkg/registry/consul.go:81.43,84.7 2 0
connect-go-example/internal/pkg/registry/consul.go:87.6,88.16 2 0
connect-go-example/internal/pkg/registry/consul.go:90.45,91.20 1 0
connect-go-example/internal/pkg/registry/consul.go:91.20,94.46 1 0
connect-go-example/internal/pkg/registry/consul.go:94.46,96.8 1 0
connect-go-example/internal/pkg/registry/consul.go:98.6,98.16 1 0
connect-go-example/internal/pkg/registry/consul.go:101.4,101.19 1 0
connect-go-example/internal/pkg/registry/consul.go:106.168,112.16 3 0
connect-go-example/internal/pkg/registry/consul.go:112.16,114.3 1 0
connect-go-example/internal/pkg/registry/consul.go:116.2,123.8 1 0
connect-go-example/internal/pkg/registry/consul.go:127.43,142.62 2 0
connect-go-example/internal/pkg/registry/consul.go:142.62,145.3 2 0
connect-go-example/internal/pkg/registry/consul.go:147.2,148.12 2 0
connect-go-example/internal/pkg/registry/consul.go:152.62,161.6 5 0
connect-go-example/internal/pkg/registry/consul.go:161.6,162.10 1 0
connect-go-example/internal/pkg/registry/consul.go:163.21,165.10 2 0
connect-go-example/internal/pkg/registry/consul.go:166.19,169.18 2 0
connect-go-example/internal/pkg/registry/consul.go:169.18,173.5 1 0
connect-go-example/internal/pkg/registry/consul.go:178.45,181.2 2 0
connect-go-example/internal/pkg/registry/consul.go:184.38,186.16 2 0
connect-go-example/internal/pkg/registry/consul.go:186.16,188.3 1 0
connect-go-example/internal/pkg/registry/consul.go:189.2,189.28 1 0
connect-go-example/internal/pkg/registry/consul.go:189.28,191.17 2 0
connect-go-example/internal/pkg/registry/consul.go:191.17,193.4 1 0
connect-go-example/internal/pkg/registry/consul.go:196.2,197.35 2 0
