mode: set
connect-go-example/api/check/v1/check.pb.go:30.33,35.2 4 0
connect-go-example/api/check/v1/check.pb.go:37.41,39.2 1 0
connect-go-example/api/check/v1/check.pb.go:41.39,41.40 0 0
connect-go-example/api/check/v1/check.pb.go:43.61,45.14 2 0
connect-go-example/api/check/v1/check.pb.go:45.14,47.34 2 0
connect-go-example/api/check/v1/check.pb.go:47.34,49.4 1 0
connect-go-example/api/check/v1/check.pb.go:50.3,50.12 1 0
connect-go-example/api/check/v1/check.pb.go:52.2,52.24 1 0
connect-go-example/api/check/v1/check.pb.go:56.52,58.2 1 0
connect-go-example/api/check/v1/check.pb.go:68.35,73.2 4 0
connect-go-example/api/check/v1/check.pb.go:75.43,77.2 1 0
connect-go-example/api/check/v1/check.pb.go:79.41,79.42 0 0
connect-go-example/api/check/v1/check.pb.go:81.63,83.14 2 0
connect-go-example/api/check/v1/check.pb.go:83.14,85.34 2 0
connect-go-example/api/check/v1/check.pb.go:85.34,87.4 1 0
connect-go-example/api/check/v1/check.pb.go:88.3,88.12 1 0
connect-go-example/api/check/v1/check.pb.go:90.2,90.24 1 0
connect-go-example/api/check/v1/check.pb.go:94.54,96.2 1 0
connect-go-example/api/check/v1/check.pb.go:98.46,99.14 1 0
connect-go-example/api/check/v1/check.pb.go:99.14,101.3 1 0
connect-go-example/api/check/v1/check.pb.go:102.2,102.11 1 0
connect-go-example/api/check/v1/check.pb.go:105.58,106.14 1 0
connect-go-example/api/check/v1/check.pb.go:106.14,108.3 1 0
connect-go-example/api/check/v1/check.pb.go:109.2,109.12 1 0
connect-go-example/api/check/v1/check.pb.go:134.57,135.54 1 0
connect-go-example/api/check/v1/check.pb.go:135.54,137.3 1 0
connect-go-example/api/check/v1/check.pb.go:138.2,138.50 1 0
connect-go-example/api/check/v1/check.pb.go:158.13,158.53 1 0
connect-go-example/api/check/v1/check.pb.go:159.43,160.42 1 0
connect-go-example/api/check/v1/check.pb.go:160.42,162.3 1 0
connect-go-example/api/check/v1/check.pb.go:163.2,179.45 5 0
connect-go-example/api/search/v1/searchv1connect/search.connect.go:54.126,65.2 3 0
connect-go-example/api/search/v1/searchv1connect/search.connect.go:73.145,75.2 1 0
connect-go-example/api/search/v1/searchv1connect/search.connect.go:87.110,95.100 3 0
connect-go-example/api/search/v1/searchv1connect/search.connect.go:95.100,96.21 1 0
connect-go-example/api/search/v1/searchv1connect/search.connect.go:97.37,98.46 1 0
connect-go-example/api/search/v1/searchv1connect/search.connect.go:99.11,100.23 1 0
connect-go-example/api/search/v1/searchv1connect/search.connect.go:108.148,110.2 1 0
connect-go-example/api/check/v1/checkv1connect/check.connect.go:52.124,63.2 3 0
connect-go-example/api/check/v1/checkv1connect/check.connect.go:71.144,73.2 1 0
connect-go-example/api/check/v1/checkv1connect/check.connect.go:85.108,93.98 3 0
connect-go-example/api/check/v1/checkv1connect/check.connect.go:93.98,94.21 1 0
connect-go-example/api/check/v1/checkv1connect/check.connect.go:95.35,96.44 1 0
connect-go-example/api/check/v1/checkv1connect/check.connect.go:97.11,98.23 1 0
connect-go-example/api/check/v1/checkv1connect/check.connect.go:106.147,108.2 1 0
connect-go-example/api/user/v1/userv1connect/user.connect.go:52.122,63.2 3 0
connect-go-example/api/user/v1/userv1connect/user.connect.go:71.143,73.2 1 0
connect-go-example/api/user/v1/userv1connect/user.connect.go:85.106,93.96 3 0
connect-go-example/api/user/v1/userv1connect/user.connect.go:93.96,94.21 1 0
connect-go-example/api/user/v1/userv1connect/user.connect.go:95.35,96.44 1 0
connect-go-example/api/user/v1/userv1connect/user.connect.go:97.11,98.23 1 0
connect-go-example/api/user/v1/userv1connect/user.connect.go:106.146,108.2 1 0
connect-go-example/api/search/v1/search.pb.go:35.33,40.2 4 0
connect-go-example/api/search/v1/search.pb.go:42.41,44.2 1 0
connect-go-example/api/search/v1/search.pb.go:46.39,46.40 0 0
connect-go-example/api/search/v1/search.pb.go:48.61,50.14 2 0
connect-go-example/api/search/v1/search.pb.go:50.14,52.34 2 0
connect-go-example/api/search/v1/search.pb.go:52.34,54.4 1 0
connect-go-example/api/search/v1/search.pb.go:55.3,55.12 1 0
connect-go-example/api/search/v1/search.pb.go:57.2,57.24 1 0
connect-go-example/api/search/v1/search.pb.go:61.52,63.2 1 0
connect-go-example/api/search/v1/search.pb.go:65.43,66.14 1 0
connect-go-example/api/search/v1/search.pb.go:66.14,68.3 1 0
connect-go-example/api/search/v1/search.pb.go:69.2,69.11 1 0
connect-go-example/api/search/v1/search.pb.go:72.42,73.14 1 0
connect-go-example/api/search/v1/search.pb.go:73.14,75.3 1 0
connect-go-example/api/search/v1/search.pb.go:76.2,76.11 1 0
connect-go-example/api/search/v1/search.pb.go:86.34,91.2 4 0
connect-go-example/api/search/v1/search.pb.go:93.42,95.2 1 0
connect-go-example/api/search/v1/search.pb.go:97.40,97.41 0 0
connect-go-example/api/search/v1/search.pb.go:99.62,101.14 2 0
connect-go-example/api/search/v1/search.pb.go:101.14,103.34 2 0
connect-go-example/api/search/v1/search.pb.go:103.34,105.4 1 0
connect-go-example/api/search/v1/search.pb.go:106.3,106.12 1 0
connect-go-example/api/search/v1/search.pb.go:108.2,108.24 1 0
connect-go-example/api/search/v1/search.pb.go:112.53,114.2 1 0
connect-go-example/api/search/v1/search.pb.go:116.51,117.14 1 0
connect-go-example/api/search/v1/search.pb.go:117.14,119.3 1 0
connect-go-example/api/search/v1/search.pb.go:120.2,120.12 1 0
connect-go-example/api/search/v1/search.pb.go:138.32,143.2 4 0
connect-go-example/api/search/v1/search.pb.go:145.40,147.2 1 0
connect-go-example/api/search/v1/search.pb.go:149.38,149.39 0 0
connect-go-example/api/search/v1/search.pb.go:151.60,153.14 2 0
connect-go-example/api/search/v1/search.pb.go:153.14,155.34 2 0
connect-go-example/api/search/v1/search.pb.go:155.34,157.4 1 0
connect-go-example/api/search/v1/search.pb.go:158.3,158.12 1 0
connect-go-example/api/search/v1/search.pb.go:160.2,160.24 1 0
connect-go-example/api/search/v1/search.pb.go:164.51,166.2 1 0
connect-go-example/api/search/v1/search.pb.go:168.40,169.14 1 0
connect-go-example/api/search/v1/search.pb.go:169.14,171.3 1 0
connect-go-example/api/search/v1/search.pb.go:172.2,172.11 1 0
connect-go-example/api/search/v1/search.pb.go:175.41,176.14 1 0
connect-go-example/api/search/v1/search.pb.go:176.14,178.3 1 0
connect-go-example/api/search/v1/search.pb.go:179.2,179.11 1 0
connect-go-example/api/search/v1/search.pb.go:182.45,183.14 1 0
connect-go-example/api/search/v1/search.pb.go:183.14,185.3 1 0
connect-go-example/api/search/v1/search.pb.go:186.2,186.10 1 0
connect-go-example/api/search/v1/search.pb.go:189.44,190.14 1 0
connect-go-example/api/search/v1/search.pb.go:190.14,192.3 1 0
connect-go-example/api/search/v1/search.pb.go:193.2,193.11 1 0
connect-go-example/api/search/v1/search.pb.go:207.36,212.2 4 0
connect-go-example/api/search/v1/search.pb.go:214.44,216.2 1 0
connect-go-example/api/search/v1/search.pb.go:218.42,218.43 0 0
connect-go-example/api/search/v1/search.pb.go:220.64,222.14 2 0
connect-go-example/api/search/v1/search.pb.go:222.14,224.34 2 0
connect-go-example/api/search/v1/search.pb.go:224.34,226.4 1 0
connect-go-example/api/search/v1/search.pb.go:227.3,227.12 1 0
connect-go-example/api/search/v1/search.pb.go:229.2,229.24 1 0
connect-go-example/api/search/v1/search.pb.go:233.55,235.2 1 0
connect-go-example/api/search/v1/search.pb.go:237.44,238.14 1 0
connect-go-example/api/search/v1/search.pb.go:238.14,240.3 1 0
connect-go-example/api/search/v1/search.pb.go:241.2,241.11 1 0
connect-go-example/api/search/v1/search.pb.go:244.46,245.14 1 0
connect-go-example/api/search/v1/search.pb.go:245.14,247.3 1 0
connect-go-example/api/search/v1/search.pb.go:248.2,248.11 1 0
connect-go-example/api/search/v1/search.pb.go:285.27,290.2 4 0
connect-go-example/api/search/v1/search.pb.go:292.35,294.2 1 0
connect-go-example/api/search/v1/search.pb.go:296.33,296.34 0 0
connect-go-example/api/search/v1/search.pb.go:298.55,300.14 2 0
connect-go-example/api/search/v1/search.pb.go:300.14,302.34 2 0
connect-go-example/api/search/v1/search.pb.go:302.34,304.4 1 0
connect-go-example/api/search/v1/search.pb.go:305.3,305.12 1 0
connect-go-example/api/search/v1/search.pb.go:307.2,307.24 1 0
connect-go-example/api/search/v1/search.pb.go:311.46,313.2 1 0
connect-go-example/api/search/v1/search.pb.go:315.34,316.14 1 0
connect-go-example/api/search/v1/search.pb.go:316.14,318.3 1 0
connect-go-example/api/search/v1/search.pb.go:319.2,319.11 1 0
connect-go-example/api/search/v1/search.pb.go:322.36,323.14 1 0
connect-go-example/api/search/v1/search.pb.go:323.14,325.3 1 0
connect-go-example/api/search/v1/search.pb.go:326.2,326.11 1 0
connect-go-example/api/search/v1/search.pb.go:329.43,330.14 1 0
connect-go-example/api/search/v1/search.pb.go:330.14,332.3 1 0
connect-go-example/api/search/v1/search.pb.go:333.2,333.11 1 0
connect-go-example/api/search/v1/search.pb.go:336.43,337.14 1 0
connect-go-example/api/search/v1/search.pb.go:337.14,339.3 1 0
connect-go-example/api/search/v1/search.pb.go:340.2,340.11 1 0
connect-go-example/api/search/v1/search.pb.go:343.38,344.14 1 0
connect-go-example/api/search/v1/search.pb.go:344.14,346.3 1 0
connect-go-example/api/search/v1/search.pb.go:347.2,347.10 1 0
connect-go-example/api/search/v1/search.pb.go:350.38,351.14 1 0
connect-go-example/api/search/v1/search.pb.go:351.14,353.3 1 0
connect-go-example/api/search/v1/search.pb.go:354.2,354.11 1 0
connect-go-example/api/search/v1/search.pb.go:357.42,358.14 1 0
connect-go-example/api/search/v1/search.pb.go:358.14,360.3 1 0
connect-go-example/api/search/v1/search.pb.go:361.2,361.11 1 0
connect-go-example/api/search/v1/search.pb.go:364.41,365.14 1 0
connect-go-example/api/search/v1/search.pb.go:365.14,367.3 1 0
connect-go-example/api/search/v1/search.pb.go:368.2,368.10 1 0
connect-go-example/api/search/v1/search.pb.go:371.44,372.14 1 0
connect-go-example/api/search/v1/search.pb.go:372.14,374.3 1 0
connect-go-example/api/search/v1/search.pb.go:375.2,375.11 1 0
connect-go-example/api/search/v1/search.pb.go:378.47,379.14 1 0
connect-go-example/api/search/v1/search.pb.go:379.14,381.3 1 0
connect-go-example/api/search/v1/search.pb.go:382.2,382.12 1 0
connect-go-example/api/search/v1/search.pb.go:385.42,386.14 1 0
connect-go-example/api/search/v1/search.pb.go:386.14,388.3 1 0
connect-go-example/api/search/v1/search.pb.go:389.2,389.11 1 0
connect-go-example/api/search/v1/search.pb.go:392.53,393.14 1 0
connect-go-example/api/search/v1/search.pb.go:393.14,395.3 1 0
connect-go-example/api/search/v1/search.pb.go:396.2,396.12 1 0
connect-go-example/api/search/v1/search.pb.go:399.41,400.14 1 0
connect-go-example/api/search/v1/search.pb.go:400.14,402.3 1 0
connect-go-example/api/search/v1/search.pb.go:403.2,403.10 1 0
connect-go-example/api/search/v1/search.pb.go:406.44,407.14 1 0
connect-go-example/api/search/v1/search.pb.go:407.14,409.3 1 0
connect-go-example/api/search/v1/search.pb.go:410.2,410.10 1 0
connect-go-example/api/search/v1/search.pb.go:413.57,414.14 1 0
connect-go-example/api/search/v1/search.pb.go:414.14,416.3 1 0
connect-go-example/api/search/v1/search.pb.go:417.2,417.12 1 0
connect-go-example/api/search/v1/search.pb.go:420.57,421.14 1 0
connect-go-example/api/search/v1/search.pb.go:421.14,423.3 1 0
connect-go-example/api/search/v1/search.pb.go:424.2,424.12 1 0
connect-go-example/api/search/v1/search.pb.go:485.59,486.56 1 0
connect-go-example/api/search/v1/search.pb.go:486.56,488.3 1 0
connect-go-example/api/search/v1/search.pb.go:489.2,489.52 1 0
connect-go-example/api/search/v1/search.pb.go:517.13,517.55 1 0
connect-go-example/api/search/v1/search.pb.go:518.45,519.44 1 0
connect-go-example/api/search/v1/search.pb.go:519.44,521.3 1 0
connect-go-example/api/search/v1/search.pb.go:522.2,538.47 5 0
connect-go-example/api/user/v1/user.pb.go:32.33,37.2 4 0
connect-go-example/api/user/v1/user.pb.go:39.41,41.2 1 0
connect-go-example/api/user/v1/user.pb.go:43.39,43.40 0 0
connect-go-example/api/user/v1/user.pb.go:45.61,47.14 2 0
connect-go-example/api/user/v1/user.pb.go:47.14,49.34 2 0
connect-go-example/api/user/v1/user.pb.go:49.34,51.4 1 0
connect-go-example/api/user/v1/user.pb.go:52.3,52.12 1 0
connect-go-example/api/user/v1/user.pb.go:54.2,54.24 1 0
connect-go-example/api/user/v1/user.pb.go:58.52,60.2 1 0
connect-go-example/api/user/v1/user.pb.go:62.42,63.14 1 0
connect-go-example/api/user/v1/user.pb.go:63.14,65.3 1 0
connect-go-example/api/user/v1/user.pb.go:66.2,66.11 1 0
connect-go-example/api/user/v1/user.pb.go:69.43,70.14 1 0
connect-go-example/api/user/v1/user.pb.go:70.14,72.3 1 0
connect-go-example/api/user/v1/user.pb.go:73.2,73.11 1 0
connect-go-example/api/user/v1/user.pb.go:84.34,89.2 4 0
connect-go-example/api/user/v1/user.pb.go:91.42,93.2 1 0
connect-go-example/api/user/v1/user.pb.go:95.40,95.41 0 0
connect-go-example/api/user/v1/user.pb.go:97.62,99.14 2 0
connect-go-example/api/user/v1/user.pb.go:99.14,101.34 2 0
connect-go-example/api/user/v1/user.pb.go:101.34,103.4 1 0
connect-go-example/api/user/v1/user.pb.go:104.3,104.12 1 0
connect-go-example/api/user/v1/user.pb.go:106.2,106.24 1 0
connect-go-example/api/user/v1/user.pb.go:110.53,112.2 1 0
connect-go-example/api/user/v1/user.pb.go:114.44,115.14 1 0
connect-go-example/api/user/v1/user.pb.go:115.14,117.3 1 0
connect-go-example/api/user/v1/user.pb.go:118.2,118.11 1 0
connect-go-example/api/user/v1/user.pb.go:121.43,122.14 1 0
connect-go-example/api/user/v1/user.pb.go:122.14,124.3 1 0
connect-go-example/api/user/v1/user.pb.go:125.2,125.11 1 0
connect-go-example/api/user/v1/user.pb.go:148.55,149.52 1 0
connect-go-example/api/user/v1/user.pb.go:149.52,151.3 1 0
connect-go-example/api/user/v1/user.pb.go:152.2,152.48 1 0
connect-go-example/api/user/v1/user.pb.go:170.13,170.51 1 0
connect-go-example/api/user/v1/user.pb.go:171.41,172.40 1 0
connect-go-example/api/user/v1/user.pb.go:172.40,174.3 1 0
connect-go-example/api/user/v1/user.pb.go:175.2,191.43 5 0
connect-go-example/internal/data/models/db.go:20.28,22.2 1 1
connect-go-example/internal/data/models/db.go:28.46,32.2 1 0
connect-go-example/internal/data/models/query.sql.go:29.87,41.2 4 0
connect-go-example/internal/data/models/query.sql.go:61.97,71.2 4 1
connect-go-example/internal/data/models/query.sql.go:84.69,96.2 4 1
connect-go-example/internal/pkg/log/log.go:14.53,16.53 2 0
connect-go-example/internal/pkg/log/log.go:16.53,20.5 1 0
connect-go-example/internal/pkg/log/log.go:21.4,21.29 1 0
connect-go-example/internal/pkg/log/log.go:27.53,28.22 1 1
connect-go-example/internal/pkg/log/log.go:28.22,30.3 1 1
connect-go-example/internal/pkg/log/log.go:31.2,31.28 1 1
connect-go-example/internal/pkg/config/config.go:20.38,25.20 3 0
connect-go-example/internal/pkg/config/config.go:25.20,28.6 2 0
connect-go-example/internal/pkg/config/config.go:30.5,30.20 1 0
connect-go-example/internal/pkg/config/config.go:37.48,45.41 5 1
connect-go-example/internal/pkg/config/config.go:45.41,49.3 2 1
connect-go-example/internal/pkg/config/config.go:52.2,59.16 3 0
connect-go-example/internal/pkg/config/config.go:59.16,62.3 2 0
connect-go-example/internal/pkg/config/config.go:64.2,64.42 1 0
connect-go-example/internal/pkg/config/config.go:64.42,67.3 2 0
connect-go-example/internal/pkg/config/config.go:78.2,78.18 1 0
connect-go-example/internal/pkg/config/config.go:82.36,84.2 1 1
connect-go-example/internal/pkg/config/config.go:87.29,89.62 1 1
connect-go-example/internal/pkg/config/config.go:89.62,91.3 1 1
connect-go-example/internal/pkg/config/config.go:96.2,96.28 1 1
connect-go-example/internal/pkg/config/config.go:96.28,98.3 1 0
connect-go-example/internal/pkg/config/config.go:100.2,100.30 1 1
connect-go-example/internal/pkg/config/config.go:104.34,107.50 1 1
connect-go-example/internal/pkg/config/config.go:107.50,109.3 1 0
connect-go-example/internal/pkg/config/config.go:112.2,112.62 1 1
connect-go-example/internal/pkg/config/config.go:112.62,113.81 1 0
connect-go-example/internal/pkg/config/config.go:113.81,115.4 1 0
connect-go-example/internal/pkg/config/config.go:119.2,119.80 1 1
connect-go-example/internal/pkg/config/config.go:119.80,121.3 1 0
connect-go-example/internal/pkg/config/config.go:123.2,123.14 1 1
connect-go-example/internal/pkg/config/config.go:127.38,129.2 1 1
connect-go-example/internal/pkg/config/config.go:132.51,133.17 1 1
connect-go-example/internal/pkg/config/config.go:133.17,135.3 1 1
connect-go-example/internal/pkg/config/config.go:138.2,138.51 1 1
connect-go-example/internal/pkg/config/config.go:138.51,140.3 1 1
connect-go-example/internal/pkg/config/config.go:143.2,143.22 1 1
connect-go-example/internal/pkg/config/config.go:143.22,145.3 1 1
connect-go-example/internal/pkg/config/config.go:148.2,148.22 1 1
connect-go-example/internal/pkg/config/config.go:148.22,150.3 1 0
connect-go-example/internal/pkg/config/config.go:153.2,153.23 1 1
connect-go-example/internal/pkg/config/config.go:153.23,155.3 1 0
connect-go-example/internal/pkg/config/config.go:158.2,158.27 1 1
connect-go-example/internal/pkg/config/config.go:158.27,160.3 1 0
connect-go-example/internal/pkg/config/config.go:162.2,162.12 1 1
connect-go-example/internal/pkg/otel/otel.go:32.85,34.5 1 0
connect-go-example/internal/pkg/otel/otel.go:40.57,41.38 1 0
connect-go-example/internal/pkg/otel/otel.go:41.38,44.3 2 0
connect-go-example/internal/pkg/otel/otel.go:44.8,47.3 2 0
connect-go-example/internal/pkg/otel/otel.go:51.116,55.46 3 0
connect-go-example/internal/pkg/otel/otel.go:55.46,57.36 2 0
connect-go-example/internal/pkg/otel/otel.go:57.36,59.4 1 0
connect-go-example/internal/pkg/otel/otel.go:60.3,61.13 2 0
connect-go-example/internal/pkg/otel/otel.go:64.2,64.33 1 0
connect-go-example/internal/pkg/otel/otel.go:64.33,66.3 1 0
connect-go-example/internal/pkg/otel/otel.go:69.2,72.20 2 0
connect-go-example/internal/pkg/otel/otel.go:72.20,75.42 2 0
connect-go-example/internal/pkg/otel/otel.go:75.42,75.56 1 0
connect-go-example/internal/pkg/otel/otel.go:78.2,82.16 4 0
connect-go-example/internal/pkg/otel/otel.go:82.16,85.3 2 0
connect-go-example/internal/pkg/otel/otel.go:87.2,88.16 2 0
connect-go-example/internal/pkg/otel/otel.go:88.16,91.3 2 0
connect-go-example/internal/pkg/otel/otel.go:92.2,96.16 4 0
connect-go-example/internal/pkg/otel/otel.go:96.16,99.3 2 0
connect-go-example/internal/pkg/otel/otel.go:100.2,104.16 4 0
connect-go-example/internal/pkg/otel/otel.go:104.16,107.3 2 0
connect-go-example/internal/pkg/otel/otel.go:108.2,112.22 4 0
connect-go-example/internal/pkg/otel/otel.go:115.48,121.2 1 0
connect-go-example/internal/pkg/otel/otel.go:123.52,128.2 1 0
connect-go-example/internal/pkg/otel/otel.go:130.79,138.16 3 0
connect-go-example/internal/pkg/otel/otel.go:138.16,140.3 1 0
connect-go-example/internal/pkg/otel/otel.go:142.2,148.28 3 0
connect-go-example/internal/pkg/otel/otel.go:151.78,157.16 2 0
connect-go-example/internal/pkg/otel/otel.go:157.16,159.3 1 0
connect-go-example/internal/pkg/otel/otel.go:161.2,166.27 2 0
connect-go-example/internal/pkg/otel/otel.go:169.77,175.16 2 0
connect-go-example/internal/pkg/otel/otel.go:175.16,177.3 1 0
connect-go-example/internal/pkg/otel/otel.go:179.2,183.28 2 0
connect-go-example/internal/biz/check.go:22.52,26.2 1 1
connect-go-example/internal/biz/check.go:28.97,30.16 2 1
connect-go-example/internal/biz/check.go:30.16,32.3 1 1
connect-go-example/internal/biz/check.go:33.2,36.8 1 1
connect-go-example/internal/biz/search.go:16.55,20.2 1 0
connect-go-example/internal/biz/search.go:22.96,24.2 1 0
connect-go-example/internal/biz/user.go:41.90,46.2 1 1
connect-go-example/internal/biz/user.go:48.96,50.2 1 1
connect-go-example/internal/pkg/registry/consul.go:40.114,41.45 1 0
connect-go-example/internal/pkg/registry/consul.go:41.45,44.5 2 0
connect-go-example/internal/pkg/registry/consul.go:46.4,46.97 1 0
connect-go-example/internal/pkg/registry/consul.go:46.97,49.5 2 0
connect-go-example/internal/pkg/registry/consul.go:51.4,56.18 4 0
connect-go-example/internal/pkg/registry/consul.go:56.18,58.5 1 0
connect-go-example/internal/pkg/registry/consul.go:59.4,60.18 2 0
connect-go-example/internal/pkg/registry/consul.go:60.18,62.5 1 0
connect-go-example/internal/pkg/registry/consul.go:65.4,66.18 2 0
connect-go-example/internal/pkg/registry/consul.go:66.18,68.5 1 0
connect-go-example/internal/pkg/registry/consul.go:70.4,73.18 3 0
connect-go-example/internal/pkg/registry/consul.go:73.18,76.5 2 0
connect-go-example/internal/pkg/registry/consul.go:79.4,80.46 1 0
connect-go-example/internal/pkg/registry/consul.go:80.46,81.43 1 0
connect-go-example/internal/pkg/registry/consul.go:81.43,84.7 2 0
connect-go-example/internal/pkg/registry/consul.go:87.6,88.16 2 0
connect-go-example/internal/pkg/registry/consul.go:90.45,91.20 1 0
connect-go-example/internal/pkg/registry/consul.go:91.20,94.46 1 0
connect-go-example/internal/pkg/registry/consul.go:94.46,96.8 1 0
connect-go-example/internal/pkg/registry/consul.go:98.6,98.16 1 0
connect-go-example/internal/pkg/registry/consul.go:101.4,101.19 1 0
connect-go-example/internal/pkg/registry/consul.go:106.168,112.16 3 0
connect-go-example/internal/pkg/registry/consul.go:112.16,114.3 1 0
connect-go-example/internal/pkg/registry/consul.go:116.2,123.8 1 0
connect-go-example/internal/pkg/registry/consul.go:127.43,142.62 2 0
connect-go-example/internal/pkg/registry/consul.go:142.62,145.3 2 0
connect-go-example/internal/pkg/registry/consul.go:147.2,148.12 2 0
connect-go-example/internal/pkg/registry/consul.go:152.62,161.6 5 0
connect-go-example/internal/pkg/registry/consul.go:161.6,162.10 1 0
connect-go-example/internal/pkg/registry/consul.go:163.21,165.10 2 0
connect-go-example/internal/pkg/registry/consul.go:166.19,169.18 2 0
connect-go-example/internal/pkg/registry/consul.go:169.18,173.5 1 0
connect-go-example/internal/pkg/registry/consul.go:178.45,181.2 2 0
connect-go-example/internal/pkg/registry/consul.go:184.38,186.16 2 0
connect-go-example/internal/pkg/registry/consul.go:186.16,188.3 1 0
connect-go-example/internal/pkg/registry/consul.go:189.2,189.28 1 0
connect-go-example/internal/pkg/registry/consul.go:189.28,191.17 2 0
connect-go-example/internal/pkg/registry/consul.go:191.17,193.4 1 0
connect-go-example/internal/pkg/registry/consul.go:196.2,197.35 2 0
connect-go-example/internal/server/metrics.go:23.26,32.16 4 1
connect-go-example/internal/server/metrics.go:32.16,34.3 1 0
connect-go-example/internal/server/metrics.go:36.2,41.16 2 1
connect-go-example/internal/server/metrics.go:41.16,43.3 1 0
connect-go-example/internal/server/metrics.go:45.2,50.16 2 1
connect-go-example/internal/server/metrics.go:50.16,52.3 1 0
connect-go-example/internal/server/metrics.go:54.2,54.12 1 1
connect-go-example/internal/server/metrics.go:58.79,60.38 1 1
connect-go-example/internal/server/metrics.go:60.38,62.3 1 0
connect-go-example/internal/server/metrics.go:64.2,64.46 1 1
connect-go-example/internal/server/metrics.go:64.46,65.72 1 1
connect-go-example/internal/server/metrics.go:65.72,106.28 12 1
connect-go-example/internal/server/metrics.go:106.28,117.5 4 1
connect-go-example/internal/server/metrics.go:117.10,126.5 3 1
connect-go-example/internal/server/middleware.go:21.60,23.4 1 1
connect-go-example/internal/server/middleware.go:36.84,37.56 1 1
connect-go-example/internal/server/middleware.go:37.56,38.89 1 1
connect-go-example/internal/server/middleware.go:38.89,73.18 12 1
connect-go-example/internal/server/middleware.go:73.18,83.5 3 1
connect-go-example/internal/server/middleware.go:83.10,90.5 2 1
connect-go-example/internal/server/middleware.go:92.4,92.20 1 1
connect-go-example/internal/server/middleware.go:97.49,98.17 1 1
connect-go-example/internal/server/middleware.go:98.17,102.3 3 1
connect-go-example/internal/server/middleware.go:105.56,106.17 1 1
connect-go-example/internal/server/middleware.go:106.17,109.3 2 0
connect-go-example/internal/server/middleware.go:110.2,110.35 1 1
connect-go-example/internal/server/server.go:39.16,44.16 2 1
connect-go-example/internal/server/server.go:44.16,46.3 1 0
connect-go-example/internal/server/server.go:49.2,88.44 14 1
connect-go-example/internal/server/server.go:88.44,91.4 2 0
connect-go-example/internal/server/server.go:92.43,95.4 2 0
connect-go-example/internal/server/server.go:98.2,98.15 1 1
connect-go-example/internal/server/server.go:102.44,111.2 2 1
connect-go-example/internal/service/check.go:19.79,23.2 1 1
connect-go-example/internal/service/check.go:25.136,27.16 2 1
connect-go-example/internal/service/check.go:27.16,29.3 1 1
connect-go-example/internal/service/check.go:30.2,34.40 2 1
connect-go-example/internal/service/search.go:22.83,24.2 1 0
connect-go-example/internal/service/search.go:26.136,33.16 3 0
connect-go-example/internal/service/search.go:33.16,35.3 1 0
connect-go-example/internal/service/search.go:37.2,38.38 2 0
connect-go-example/internal/service/search.go:38.38,44.3 4 0
connect-go-example/internal/service/search.go:45.2,47.75 2 0
connect-go-example/internal/service/search.go:50.50,53.32 2 0
connect-go-example/internal/service/search.go:53.32,60.3 1 0
connect-go-example/internal/service/search.go:71.2,88.3 1 0
connect-go-example/internal/service/user.go:21.75,25.2 1 1
connect-go-example/internal/service/user.go:27.135,35.16 2 1
connect-go-example/internal/service/user.go:35.16,37.3 1 1
connect-go-example/internal/service/user.go:39.2,44.43 2 1
connect-go-example/internal/data/check.go:23.17,29.2 1 1
connect-go-example/internal/data/check.go:31.99,33.16 2 0
connect-go-example/internal/data/check.go:33.16,40.3 1 0
connect-go-example/internal/data/check.go:41.2,41.46 1 0
connect-go-example/internal/data/check.go:41.46,49.3 1 0
connect-go-example/internal/data/check.go:50.2,53.8 1 0
connect-go-example/internal/data/data.go:44.113,51.2 1 1
connect-go-example/internal/data/data.go:54.93,68.16 4 0
connect-go-example/internal/data/data.go:68.16,70.3 1 0
connect-go-example/internal/data/data.go:73.2,77.16 3 0
connect-go-example/internal/data/data.go:77.16,79.3 1 0
connect-go-example/internal/data/data.go:82.2,82.50 1 0
connect-go-example/internal/data/data.go:82.50,84.3 1 0
connect-go-example/internal/data/data.go:87.2,87.56 1 0
connect-go-example/internal/data/data.go:87.56,89.3 1 0
connect-go-example/internal/data/data.go:91.2,95.43 2 0
connect-go-example/internal/data/data.go:95.43,99.4 3 0
connect-go-example/internal/data/data.go:102.2,102.18 1 0
connect-go-example/internal/data/data.go:106.96,125.44 5 0
connect-go-example/internal/data/data.go:125.44,128.17 2 0
connect-go-example/internal/data/data.go:128.17,130.4 1 0
connect-go-example/internal/data/data.go:131.3,131.55 1 0
connect-go-example/internal/data/data.go:134.2,138.43 2 0
connect-go-example/internal/data/data.go:138.43,141.4 2 0
connect-go-example/internal/data/data.go:144.2,144.17 1 0
connect-go-example/internal/data/data.go:147.92,160.2 3 0
connect-go-example/internal/data/data.go:163.109,174.16 3 0
connect-go-example/internal/data/data.go:174.16,175.13 1 0
connect-go-example/internal/data/data.go:177.2,181.11 3 0
connect-go-example/internal/data/data.go:185.55,186.39 1 0
connect-go-example/internal/data/data.go:186.39,188.3 1 0
connect-go-example/internal/data/data.go:190.2,190.46 1 0
connect-go-example/internal/data/data.go:190.46,192.3 1 0
connect-go-example/internal/data/data.go:194.2,194.12 1 0
connect-go-example/internal/data/search.go:23.32,28.2 1 0
connect-go-example/internal/data/search.go:30.101,46.16 3 0
connect-go-example/internal/data/search.go:46.16,48.3 1 0
connect-go-example/internal/data/search.go:50.2,51.36 2 0
connect-go-example/internal/data/search.go:51.36,53.66 2 0
connect-go-example/internal/data/search.go:53.66,55.12 2 0
connect-go-example/internal/data/search.go:57.3,60.91 3 0
connect-go-example/internal/data/search.go:62.2,64.56 2 0
connect-go-example/internal/data/user.go:23.63,30.2 1 1
connect-go-example/internal/data/user.go:32.99,33.19 1 1
connect-go-example/internal/data/user.go:33.19,35.3 1 1
connect-go-example/internal/data/user.go:36.2,37.16 2 0
connect-go-example/internal/data/user.go:37.16,39.3 1 0
connect-go-example/internal/data/user.go:40.2,43.8 1 0
connect-go-example/cmd/server/main.go:27.13,33.58 3 0
connect-go-example/cmd/server/main.go:33.58,36.3 2 0
connect-go-example/cmd/server/main.go:39.2,42.57 2 0
connect-go-example/cmd/server/main.go:42.57,45.3 2 0
connect-go-example/cmd/server/main.go:49.23,69.39 1 0
connect-go-example/cmd/server/main.go:69.39,71.5 1 0
connect-go-example/cmd/server/main.go:74.38,74.39 0 0
connect-go-example/cmd/server/main.go:77.88,80.19 2 0
connect-go-example/cmd/server/main.go:80.19,82.6 1 0
connect-go-example/cmd/server/main.go:84.5,86.47 1 0
connect-go-example/cmd/server/main.go:86.47,88.17 2 0
connect-go-example/cmd/server/main.go:88.17,89.92 1 0
connect-go-example/cmd/server/main.go:89.92,91.9 1 0
connect-go-example/cmd/server/main.go:93.7,93.17 1 0
connect-go-example/cmd/server/main.go:96.46,99.47 2 0
connect-go-example/cmd/server/main.go:99.47,101.8 1 0
connect-go-example/cmd/server/main.go:103.7,103.30 1 0
connect-go-example/cmd/server/main.go:103.30,104.48 1 0
connect-go-example/cmd/server/main.go:104.48,106.9 1 0
connect-go-example/cmd/server/main.go:108.7,108.17 1 0
connect-go-example/internal/conf/v1/conf.pb.go:36.29,41.2 4 0
connect-go-example/internal/conf/v1/conf.pb.go:43.37,45.2 1 0
connect-go-example/internal/conf/v1/conf.pb.go:47.35,47.36 0 0
connect-go-example/internal/conf/v1/conf.pb.go:49.57,51.14 2 0
connect-go-example/internal/conf/v1/conf.pb.go:51.14,53.34 2 0
connect-go-example/internal/conf/v1/conf.pb.go:53.34,55.4 1 0
connect-go-example/internal/conf/v1/conf.pb.go:56.3,56.12 1 0
connect-go-example/internal/conf/v1/conf.pb.go:58.2,58.24 1 0
connect-go-example/internal/conf/v1/conf.pb.go:62.48,64.2 1 0
connect-go-example/internal/conf/v1/conf.pb.go:66.41,67.14 1 0
connect-go-example/internal/conf/v1/conf.pb.go:67.14,69.3 1 0
connect-go-example/internal/conf/v1/conf.pb.go:70.2,70.12 1 0
connect-go-example/internal/conf/v1/conf.pb.go:73.37,74.14 1 0
connect-go-example/internal/conf/v1/conf.pb.go:74.14,76.3 1 0
connect-go-example/internal/conf/v1/conf.pb.go:77.2,77.12 1 0
connect-go-example/internal/conf/v1/conf.pb.go:80.37,81.14 1 0
connect-go-example/internal/conf/v1/conf.pb.go:81.14,83.3 1 0
connect-go-example/internal/conf/v1/conf.pb.go:84.2,84.12 1 0
connect-go-example/internal/conf/v1/conf.pb.go:87.39,88.14 1 0
connect-go-example/internal/conf/v1/conf.pb.go:88.14,90.3 1 0
connect-go-example/internal/conf/v1/conf.pb.go:91.2,91.12 1 0
connect-go-example/internal/conf/v1/conf.pb.go:94.47,95.14 1 0
connect-go-example/internal/conf/v1/conf.pb.go:95.14,97.3 1 0
connect-go-example/internal/conf/v1/conf.pb.go:98.2,98.12 1 0
connect-go-example/internal/conf/v1/conf.pb.go:101.41,102.14 1 0
connect-go-example/internal/conf/v1/conf.pb.go:102.14,104.3 1 0
connect-go-example/internal/conf/v1/conf.pb.go:105.2,105.12 1 0
connect-go-example/internal/conf/v1/conf.pb.go:115.26,120.2 4 0
connect-go-example/internal/conf/v1/conf.pb.go:122.34,124.2 1 0
connect-go-example/internal/conf/v1/conf.pb.go:126.32,126.33 0 0
connect-go-example/internal/conf/v1/conf.pb.go:128.54,130.14 2 0
connect-go-example/internal/conf/v1/conf.pb.go:130.14,132.34 2 0
connect-go-example/internal/conf/v1/conf.pb.go:132.34,134.4 1 0
connect-go-example/internal/conf/v1/conf.pb.go:135.3,135.12 1 0
connect-go-example/internal/conf/v1/conf.pb.go:137.2,137.24 1 0
connect-go-example/internal/conf/v1/conf.pb.go:141.45,143.2 1 0
connect-go-example/internal/conf/v1/conf.pb.go:145.41,146.14 1 0
connect-go-example/internal/conf/v1/conf.pb.go:146.14,148.3 1 0
connect-go-example/internal/conf/v1/conf.pb.go:149.2,149.12 1 0
connect-go-example/internal/conf/v1/conf.pb.go:160.24,165.2 4 0
connect-go-example/internal/conf/v1/conf.pb.go:167.32,169.2 1 0
connect-go-example/internal/conf/v1/conf.pb.go:171.30,171.31 0 0
connect-go-example/internal/conf/v1/conf.pb.go:173.52,175.14 2 0
connect-go-example/internal/conf/v1/conf.pb.go:175.14,177.34 2 0
connect-go-example/internal/conf/v1/conf.pb.go:177.34,179.4 1 0
connect-go-example/internal/conf/v1/conf.pb.go:180.3,180.12 1 0
connect-go-example/internal/conf/v1/conf.pb.go:182.2,182.24 1 0
connect-go-example/internal/conf/v1/conf.pb.go:186.43,188.2 1 0
connect-go-example/internal/conf/v1/conf.pb.go:190.45,191.14 1 0
connect-go-example/internal/conf/v1/conf.pb.go:191.14,193.3 1 0
connect-go-example/internal/conf/v1/conf.pb.go:194.2,194.12 1 0
connect-go-example/internal/conf/v1/conf.pb.go:197.39,198.14 1 0
connect-go-example/internal/conf/v1/conf.pb.go:198.14,200.3 1 0
connect-go-example/internal/conf/v1/conf.pb.go:201.2,201.12 1 0
connect-go-example/internal/conf/v1/conf.pb.go:216.24,221.2 4 0
connect-go-example/internal/conf/v1/conf.pb.go:223.32,225.2 1 0
connect-go-example/internal/conf/v1/conf.pb.go:227.30,227.31 0 0
connect-go-example/internal/conf/v1/conf.pb.go:229.52,231.14 2 0
connect-go-example/internal/conf/v1/conf.pb.go:231.14,233.34 2 0
connect-go-example/internal/conf/v1/conf.pb.go:233.34,235.4 1 0
connect-go-example/internal/conf/v1/conf.pb.go:236.3,236.12 1 0
connect-go-example/internal/conf/v1/conf.pb.go:238.2,238.24 1 0
connect-go-example/internal/conf/v1/conf.pb.go:242.43,244.2 1 0
connect-go-example/internal/conf/v1/conf.pb.go:246.37,247.14 1 0
connect-go-example/internal/conf/v1/conf.pb.go:247.14,249.3 1 0
connect-go-example/internal/conf/v1/conf.pb.go:250.2,250.11 1 0
connect-go-example/internal/conf/v1/conf.pb.go:253.37,254.14 1 0
connect-go-example/internal/conf/v1/conf.pb.go:254.14,256.3 1 0
connect-go-example/internal/conf/v1/conf.pb.go:257.2,257.11 1 0
connect-go-example/internal/conf/v1/conf.pb.go:260.41,261.14 1 0
connect-go-example/internal/conf/v1/conf.pb.go:261.14,263.3 1 0
connect-go-example/internal/conf/v1/conf.pb.go:264.2,264.11 1 0
connect-go-example/internal/conf/v1/conf.pb.go:267.45,268.14 1 0
connect-go-example/internal/conf/v1/conf.pb.go:268.14,270.3 1 0
connect-go-example/internal/conf/v1/conf.pb.go:271.2,271.11 1 0
connect-go-example/internal/conf/v1/conf.pb.go:274.44,275.14 1 0
connect-go-example/internal/conf/v1/conf.pb.go:275.14,277.3 1 0
connect-go-example/internal/conf/v1/conf.pb.go:278.2,278.11 1 0
connect-go-example/internal/conf/v1/conf.pb.go:281.40,282.14 1 0
connect-go-example/internal/conf/v1/conf.pb.go:282.14,284.3 1 0
connect-go-example/internal/conf/v1/conf.pb.go:285.2,285.11 1 0
connect-go-example/internal/conf/v1/conf.pb.go:296.25,301.2 4 0
connect-go-example/internal/conf/v1/conf.pb.go:303.33,305.2 1 0
connect-go-example/internal/conf/v1/conf.pb.go:307.31,307.32 0 0
connect-go-example/internal/conf/v1/conf.pb.go:309.53,311.14 2 0
connect-go-example/internal/conf/v1/conf.pb.go:311.14,313.34 2 0
connect-go-example/internal/conf/v1/conf.pb.go:313.34,315.4 1 0
connect-go-example/internal/conf/v1/conf.pb.go:316.3,316.12 1 0
connect-go-example/internal/conf/v1/conf.pb.go:318.2,318.24 1 0
connect-go-example/internal/conf/v1/conf.pb.go:322.44,324.2 1 0
connect-go-example/internal/conf/v1/conf.pb.go:326.38,327.14 1 0
connect-go-example/internal/conf/v1/conf.pb.go:327.14,329.3 1 0
connect-go-example/internal/conf/v1/conf.pb.go:330.2,330.11 1 0
connect-go-example/internal/conf/v1/conf.pb.go:333.36,334.14 1 0
connect-go-example/internal/conf/v1/conf.pb.go:334.14,336.3 1 0
connect-go-example/internal/conf/v1/conf.pb.go:337.2,337.14 1 0
connect-go-example/internal/conf/v1/conf.pb.go:347.29,352.2 4 0
connect-go-example/internal/conf/v1/conf.pb.go:354.37,356.2 1 0
connect-go-example/internal/conf/v1/conf.pb.go:358.35,358.36 0 0
connect-go-example/internal/conf/v1/conf.pb.go:360.57,362.14 2 0
connect-go-example/internal/conf/v1/conf.pb.go:362.14,364.34 2 0
connect-go-example/internal/conf/v1/conf.pb.go:364.34,366.4 1 0
connect-go-example/internal/conf/v1/conf.pb.go:367.3,367.12 1 0
connect-go-example/internal/conf/v1/conf.pb.go:369.2,369.24 1 0
connect-go-example/internal/conf/v1/conf.pb.go:373.48,375.2 1 0
connect-go-example/internal/conf/v1/conf.pb.go:377.51,378.14 1 0
connect-go-example/internal/conf/v1/conf.pb.go:378.14,380.3 1 0
connect-go-example/internal/conf/v1/conf.pb.go:381.2,381.12 1 0
connect-go-example/internal/conf/v1/conf.pb.go:391.26,396.2 4 0
connect-go-example/internal/conf/v1/conf.pb.go:398.34,400.2 1 0
connect-go-example/internal/conf/v1/conf.pb.go:402.32,402.33 0 0
connect-go-example/internal/conf/v1/conf.pb.go:404.54,406.14 2 0
connect-go-example/internal/conf/v1/conf.pb.go:406.14,408.34 2 0
connect-go-example/internal/conf/v1/conf.pb.go:408.34,410.4 1 0
connect-go-example/internal/conf/v1/conf.pb.go:411.3,411.12 1 0
connect-go-example/internal/conf/v1/conf.pb.go:413.2,413.24 1 0
connect-go-example/internal/conf/v1/conf.pb.go:417.45,419.2 1 0
connect-go-example/internal/conf/v1/conf.pb.go:421.59,422.14 1 0
connect-go-example/internal/conf/v1/conf.pb.go:422.14,424.3 1 0
connect-go-example/internal/conf/v1/conf.pb.go:425.2,425.12 1 0
connect-go-example/internal/conf/v1/conf.pb.go:436.31,441.2 4 0
connect-go-example/internal/conf/v1/conf.pb.go:443.39,445.2 1 0
connect-go-example/internal/conf/v1/conf.pb.go:447.37,447.38 0 0
connect-go-example/internal/conf/v1/conf.pb.go:449.59,451.14 2 0
connect-go-example/internal/conf/v1/conf.pb.go:451.14,453.34 2 0
connect-go-example/internal/conf/v1/conf.pb.go:453.34,455.4 1 0
connect-go-example/internal/conf/v1/conf.pb.go:456.3,456.12 1 0
connect-go-example/internal/conf/v1/conf.pb.go:458.2,458.24 1 0
connect-go-example/internal/conf/v1/conf.pb.go:462.50,464.2 1 0
connect-go-example/internal/conf/v1/conf.pb.go:466.40,467.14 1 0
connect-go-example/internal/conf/v1/conf.pb.go:467.14,469.3 1 0
connect-go-example/internal/conf/v1/conf.pb.go:470.2,470.11 1 0
connect-go-example/internal/conf/v1/conf.pb.go:473.42,474.14 1 0
connect-go-example/internal/conf/v1/conf.pb.go:474.14,476.3 1 0
connect-go-example/internal/conf/v1/conf.pb.go:477.2,477.10 1 0
connect-go-example/internal/conf/v1/conf.pb.go:494.33,499.2 4 0
connect-go-example/internal/conf/v1/conf.pb.go:501.41,503.2 1 0
connect-go-example/internal/conf/v1/conf.pb.go:505.39,505.40 0 0
connect-go-example/internal/conf/v1/conf.pb.go:507.61,509.14 2 0
connect-go-example/internal/conf/v1/conf.pb.go:509.14,511.34 2 0
connect-go-example/internal/conf/v1/conf.pb.go:511.34,513.4 1 0
connect-go-example/internal/conf/v1/conf.pb.go:514.3,514.12 1 0
connect-go-example/internal/conf/v1/conf.pb.go:516.2,516.24 1 0
connect-go-example/internal/conf/v1/conf.pb.go:520.52,522.2 1 0
connect-go-example/internal/conf/v1/conf.pb.go:524.42,525.14 1 0
connect-go-example/internal/conf/v1/conf.pb.go:525.14,527.3 1 0
connect-go-example/internal/conf/v1/conf.pb.go:528.2,528.11 1 0
connect-go-example/internal/conf/v1/conf.pb.go:531.41,532.14 1 0
connect-go-example/internal/conf/v1/conf.pb.go:532.14,534.3 1 0
connect-go-example/internal/conf/v1/conf.pb.go:535.2,535.10 1 0
connect-go-example/internal/conf/v1/conf.pb.go:538.42,539.14 1 0
connect-go-example/internal/conf/v1/conf.pb.go:539.14,541.3 1 0
connect-go-example/internal/conf/v1/conf.pb.go:542.2,542.11 1 0
connect-go-example/internal/conf/v1/conf.pb.go:545.46,546.14 1 0
connect-go-example/internal/conf/v1/conf.pb.go:546.14,548.3 1 0
connect-go-example/internal/conf/v1/conf.pb.go:549.2,549.11 1 0
connect-go-example/internal/conf/v1/conf.pb.go:552.44,553.14 1 0
connect-go-example/internal/conf/v1/conf.pb.go:553.14,555.3 1 0
connect-go-example/internal/conf/v1/conf.pb.go:556.2,556.11 1 0
connect-go-example/internal/conf/v1/conf.pb.go:559.45,560.14 1 0
connect-go-example/internal/conf/v1/conf.pb.go:560.14,562.3 1 0
connect-go-example/internal/conf/v1/conf.pb.go:563.2,563.11 1 0
connect-go-example/internal/conf/v1/conf.pb.go:566.46,567.14 1 0
connect-go-example/internal/conf/v1/conf.pb.go:567.14,569.3 1 0
connect-go-example/internal/conf/v1/conf.pb.go:570.2,570.11 1 0
connect-go-example/internal/conf/v1/conf.pb.go:573.54,574.14 1 0
connect-go-example/internal/conf/v1/conf.pb.go:574.14,576.3 1 0
connect-go-example/internal/conf/v1/conf.pb.go:577.2,577.12 1 0
connect-go-example/internal/conf/v1/conf.pb.go:590.37,595.2 4 0
connect-go-example/internal/conf/v1/conf.pb.go:597.45,599.2 1 0
connect-go-example/internal/conf/v1/conf.pb.go:601.43,601.44 0 0
connect-go-example/internal/conf/v1/conf.pb.go:603.65,605.14 2 0
connect-go-example/internal/conf/v1/conf.pb.go:605.14,607.34 2 0
connect-go-example/internal/conf/v1/conf.pb.go:607.34,609.4 1 0
connect-go-example/internal/conf/v1/conf.pb.go:610.3,610.12 1 0
connect-go-example/internal/conf/v1/conf.pb.go:612.2,612.24 1 0
connect-go-example/internal/conf/v1/conf.pb.go:616.56,618.2 1 0
connect-go-example/internal/conf/v1/conf.pb.go:620.49,621.14 1 0
connect-go-example/internal/conf/v1/conf.pb.go:621.14,623.3 1 0
connect-go-example/internal/conf/v1/conf.pb.go:624.2,624.10 1 0
connect-go-example/internal/conf/v1/conf.pb.go:627.49,628.14 1 0
connect-go-example/internal/conf/v1/conf.pb.go:628.14,630.3 1 0
connect-go-example/internal/conf/v1/conf.pb.go:631.2,631.10 1 0
connect-go-example/internal/conf/v1/conf.pb.go:634.56,635.14 1 0
connect-go-example/internal/conf/v1/conf.pb.go:635.14,637.3 1 0
connect-go-example/internal/conf/v1/conf.pb.go:638.2,638.10 1 0
connect-go-example/internal/conf/v1/conf.pb.go:641.56,642.14 1 0
connect-go-example/internal/conf/v1/conf.pb.go:642.14,644.3 1 0
connect-go-example/internal/conf/v1/conf.pb.go:645.2,645.10 1 0
connect-go-example/internal/conf/v1/conf.pb.go:664.30,669.2 4 0
connect-go-example/internal/conf/v1/conf.pb.go:671.38,673.2 1 0
connect-go-example/internal/conf/v1/conf.pb.go:675.36,675.37 0 0
connect-go-example/internal/conf/v1/conf.pb.go:677.58,679.14 2 0
connect-go-example/internal/conf/v1/conf.pb.go:679.14,681.34 2 0
connect-go-example/internal/conf/v1/conf.pb.go:681.34,683.4 1 0
connect-go-example/internal/conf/v1/conf.pb.go:684.3,684.12 1 0
connect-go-example/internal/conf/v1/conf.pb.go:686.2,686.24 1 0
connect-go-example/internal/conf/v1/conf.pb.go:690.49,692.2 1 0
connect-go-example/internal/conf/v1/conf.pb.go:694.39,695.14 1 0
connect-go-example/internal/conf/v1/conf.pb.go:695.14,697.3 1 0
connect-go-example/internal/conf/v1/conf.pb.go:698.2,698.11 1 0
connect-go-example/internal/conf/v1/conf.pb.go:701.38,702.14 1 0
connect-go-example/internal/conf/v1/conf.pb.go:702.14,704.3 1 0
connect-go-example/internal/conf/v1/conf.pb.go:705.2,705.10 1 0
connect-go-example/internal/conf/v1/conf.pb.go:708.43,709.14 1 0
connect-go-example/internal/conf/v1/conf.pb.go:709.14,711.3 1 0
connect-go-example/internal/conf/v1/conf.pb.go:712.2,712.11 1 0
connect-go-example/internal/conf/v1/conf.pb.go:715.43,716.14 1 0
connect-go-example/internal/conf/v1/conf.pb.go:716.14,718.3 1 0
connect-go-example/internal/conf/v1/conf.pb.go:719.2,719.11 1 0
connect-go-example/internal/conf/v1/conf.pb.go:722.36,723.14 1 0
connect-go-example/internal/conf/v1/conf.pb.go:723.14,725.3 1 0
connect-go-example/internal/conf/v1/conf.pb.go:726.2,726.10 1 0
connect-go-example/internal/conf/v1/conf.pb.go:729.45,730.14 1 0
connect-go-example/internal/conf/v1/conf.pb.go:730.14,732.3 1 0
connect-go-example/internal/conf/v1/conf.pb.go:733.2,733.10 1 0
connect-go-example/internal/conf/v1/conf.pb.go:736.45,737.14 1 0
connect-go-example/internal/conf/v1/conf.pb.go:737.14,739.3 1 0
connect-go-example/internal/conf/v1/conf.pb.go:740.2,740.10 1 0
connect-go-example/internal/conf/v1/conf.pb.go:743.46,744.14 1 0
connect-go-example/internal/conf/v1/conf.pb.go:744.14,746.3 1 0
connect-go-example/internal/conf/v1/conf.pb.go:747.2,747.10 1 0
connect-go-example/internal/conf/v1/conf.pb.go:750.42,751.14 1 0
connect-go-example/internal/conf/v1/conf.pb.go:751.14,753.3 1 0
connect-go-example/internal/conf/v1/conf.pb.go:754.2,754.10 1 0
connect-go-example/internal/conf/v1/conf.pb.go:757.46,758.14 1 0
connect-go-example/internal/conf/v1/conf.pb.go:758.14,760.3 1 0
connect-go-example/internal/conf/v1/conf.pb.go:761.2,761.10 1 0
connect-go-example/internal/conf/v1/conf.pb.go:773.36,778.2 4 0
connect-go-example/internal/conf/v1/conf.pb.go:780.44,782.2 1 0
connect-go-example/internal/conf/v1/conf.pb.go:784.42,784.43 0 0
connect-go-example/internal/conf/v1/conf.pb.go:786.64,788.14 2 0
connect-go-example/internal/conf/v1/conf.pb.go:788.14,790.34 2 0
connect-go-example/internal/conf/v1/conf.pb.go:790.34,792.4 1 0
connect-go-example/internal/conf/v1/conf.pb.go:793.3,793.12 1 0
connect-go-example/internal/conf/v1/conf.pb.go:795.2,795.24 1 0
connect-go-example/internal/conf/v1/conf.pb.go:799.55,801.2 1 0
connect-go-example/internal/conf/v1/conf.pb.go:803.45,804.14 1 0
connect-go-example/internal/conf/v1/conf.pb.go:804.14,806.3 1 0
connect-go-example/internal/conf/v1/conf.pb.go:807.2,807.11 1 0
connect-go-example/internal/conf/v1/conf.pb.go:810.47,811.14 1 0
connect-go-example/internal/conf/v1/conf.pb.go:811.14,813.3 1 0
connect-go-example/internal/conf/v1/conf.pb.go:814.2,814.11 1 0
connect-go-example/internal/conf/v1/conf.pb.go:817.50,818.14 1 0
connect-go-example/internal/conf/v1/conf.pb.go:818.14,820.3 1 0
connect-go-example/internal/conf/v1/conf.pb.go:821.2,821.14 1 0
connect-go-example/internal/conf/v1/conf.pb.go:833.40,838.2 4 0
connect-go-example/internal/conf/v1/conf.pb.go:840.48,842.2 1 0
connect-go-example/internal/conf/v1/conf.pb.go:844.46,844.47 0 0
connect-go-example/internal/conf/v1/conf.pb.go:846.68,848.14 2 0
connect-go-example/internal/conf/v1/conf.pb.go:848.14,850.34 2 0
connect-go-example/internal/conf/v1/conf.pb.go:850.34,852.4 1 0
connect-go-example/internal/conf/v1/conf.pb.go:853.3,853.12 1 0
connect-go-example/internal/conf/v1/conf.pb.go:855.2,855.24 1 0
connect-go-example/internal/conf/v1/conf.pb.go:859.59,861.2 1 0
connect-go-example/internal/conf/v1/conf.pb.go:863.56,864.14 1 0
connect-go-example/internal/conf/v1/conf.pb.go:864.14,866.3 1 0
connect-go-example/internal/conf/v1/conf.pb.go:867.2,867.12 1 0
connect-go-example/internal/conf/v1/conf.pb.go:870.53,871.14 1 0
connect-go-example/internal/conf/v1/conf.pb.go:871.14,873.3 1 0
connect-go-example/internal/conf/v1/conf.pb.go:874.2,874.11 1 0
connect-go-example/internal/conf/v1/conf.pb.go:877.53,878.14 1 0
connect-go-example/internal/conf/v1/conf.pb.go:878.14,880.3 1 0
connect-go-example/internal/conf/v1/conf.pb.go:881.2,881.11 1 0
connect-go-example/internal/conf/v1/conf.pb.go:959.60,960.57 1 0
connect-go-example/internal/conf/v1/conf.pb.go:960.57,962.3 1 0
connect-go-example/internal/conf/v1/conf.pb.go:963.2,963.53 1 0
connect-go-example/internal/conf/v1/conf.pb.go:1002.13,1002.56 1 0
connect-go-example/internal/conf/v1/conf.pb.go:1003.46,1004.45 1 0
connect-go-example/internal/conf/v1/conf.pb.go:1004.45,1006.3 1 0
connect-go-example/internal/conf/v1/conf.pb.go:1007.2,1023.48 5 0
